23:02:37 **** Build of configuration Debug for project RTOSDemo ****
make -j2 all 
Building file: /home/taka/RISCV/FreeRTOS/FreeRTOS/FreeRTOS/Demo/Common/Minimal/TaskNotify.c
Building file: /home/taka/RISCV/FreeRTOS/FreeRTOS/FreeRTOS/Demo/Common/Minimal/EventGroupsDemo.c
Invoking: Cross GCC Compiler
riscv64-unknown-elf-gcc -DDONT_USE_PLIC -DDONT_USE_M_TIME -I"/home/taka/RISCV/FreeRTOS/FreeRTOS/FreeRTOS/Demo/RISC-V-Qemu-sifive_e-Eclipse-GCC" -I"/home/taka/RISCV/FreeRTOS/FreeRTOS/FreeRTOS/Demo/Common/include" -I"/home/taka/RISCV/FreeRTOS/FreeRTOS/FreeRTOS/Demo/RISC-V-Qemu-sifive_e-Eclipse-GCC/freedom-e-sdk/env" -I"/home/taka/RISCV/FreeRTOS/FreeRTOS/FreeRTOS/Demo/RISC-V-Qemu-sifive_e-Eclipse-GCC/freedom-e-sdk/include" -I"/home/taka/RISCV/FreeRTOS/FreeRTOS/FreeRTOS/Demo/RISC-V-Qemu-sifive_e-Eclipse-GCC/freedom-e-sdk/env/freedom-e300-hifive1" -I"/home/taka/RISCV/FreeRTOS/FreeRTOS/FreeRTOS/Source/include" -I"/home/taka/RISCV/FreeRTOS/FreeRTOS/FreeRTOS/Source/portable/GCC/RISC-V" -O0 -g3 -Wall -Wextra -c -fmessage-length=0 -march=rv32imac -mabi=ilp32 -mcmodel=medlow -ffunction-sections -fdata-sections --specs=nano.specs -fno-builtin-printf  -Wno-unused-parameter -MMD -MP -MF"full_demo/standard_demo_tasks/TaskNotify.d" -MT"full_demo/standard_demo_tasks/TaskNotify.o" -o "full_demo/standard_demo_tasks/TaskNotify.o" "/home/taka/RISCV/FreeRTOS/FreeRTOS/FreeRTOS/Demo/Common/Minimal/TaskNotify.c"
Invoking: Cross GCC Compiler
riscv64-unknown-elf-gcc -DDONT_USE_PLIC -DDONT_USE_M_TIME -I"/home/taka/RISCV/FreeRTOS/FreeRTOS/FreeRTOS/Demo/RISC-V-Qemu-sifive_e-Eclipse-GCC" -I"/home/taka/RISCV/FreeRTOS/FreeRTOS/FreeRTOS/Demo/Common/include" -I"/home/taka/RISCV/FreeRTOS/FreeRTOS/FreeRTOS/Demo/RISC-V-Qemu-sifive_e-Eclipse-GCC/freedom-e-sdk/env" -I"/home/taka/RISCV/FreeRTOS/FreeRTOS/FreeRTOS/Demo/RISC-V-Qemu-sifive_e-Eclipse-GCC/freedom-e-sdk/include" -I"/home/taka/RISCV/FreeRTOS/FreeRTOS/FreeRTOS/Demo/RISC-V-Qemu-sifive_e-Eclipse-GCC/freedom-e-sdk/env/freedom-e300-hifive1" -I"/home/taka/RISCV/FreeRTOS/FreeRTOS/FreeRTOS/Source/include" -I"/home/taka/RISCV/FreeRTOS/FreeRTOS/FreeRTOS/Source/portable/GCC/RISC-V" -O0 -g3 -Wall -Wextra -c -fmessage-length=0 -march=rv32imac -mabi=ilp32 -mcmodel=medlow -ffunction-sections -fdata-sections --specs=nano.specs -fno-builtin-printf  -Wno-unused-parameter -MMD -MP -MF"full_demo/standard_demo_tasks/EventGroupsDemo.d" -MT"full_demo/standard_demo_tasks/EventGroupsDemo.o" -o "full_demo/standard_demo_tasks/EventGroupsDemo.o" "/home/taka/RISCV/FreeRTOS/FreeRTOS/FreeRTOS/Demo/Common/Minimal/EventGroupsDemo.c"
Finished building: /home/taka/RISCV/FreeRTOS/FreeRTOS/FreeRTOS/Demo/Common/Minimal/TaskNotify.c
 
Building file: /home/taka/RISCV/FreeRTOS/FreeRTOS/FreeRTOS/Demo/Common/Minimal/TimerDemo.c
Invoking: Cross GCC Compiler
riscv64-unknown-elf-gcc -DDONT_USE_PLIC -DDONT_USE_M_TIME -I"/home/taka/RISCV/FreeRTOS/FreeRTOS/FreeRTOS/Demo/RISC-V-Qemu-sifive_e-Eclipse-GCC" -I"/home/taka/RISCV/FreeRTOS/FreeRTOS/FreeRTOS/Demo/Common/include" -I"/home/taka/RISCV/FreeRTOS/FreeRTOS/FreeRTOS/Demo/RISC-V-Qemu-sifive_e-Eclipse-GCC/freedom-e-sdk/env" -I"/home/taka/RISCV/FreeRTOS/FreeRTOS/FreeRTOS/Demo/RISC-V-Qemu-sifive_e-Eclipse-GCC/freedom-e-sdk/include" -I"/home/taka/RISCV/FreeRTOS/FreeRTOS/FreeRTOS/Demo/RISC-V-Qemu-sifive_e-Eclipse-GCC/freedom-e-sdk/env/freedom-e300-hifive1" -I"/home/taka/RISCV/FreeRTOS/FreeRTOS/FreeRTOS/Source/include" -I"/home/taka/RISCV/FreeRTOS/FreeRTOS/FreeRTOS/Source/portable/GCC/RISC-V" -O0 -g3 -Wall -Wextra -c -fmessage-length=0 -march=rv32imac -mabi=ilp32 -mcmodel=medlow -ffunction-sections -fdata-sections --specs=nano.specs -fno-builtin-printf  -Wno-unused-parameter -MMD -MP -MF"full_demo/standard_demo_tasks/TimerDemo.d" -MT"full_demo/standard_demo_tasks/TimerDemo.o" -o "full_demo/standard_demo_tasks/TimerDemo.o" "/home/taka/RISCV/FreeRTOS/FreeRTOS/FreeRTOS/Demo/Common/Minimal/TimerDemo.c"
Finished building: /home/taka/RISCV/FreeRTOS/FreeRTOS/FreeRTOS/Demo/Common/Minimal/EventGroupsDemo.c
 
Building file: /home/taka/RISCV/FreeRTOS/FreeRTOS/FreeRTOS/Demo/Common/Minimal/blocktim.c
Invoking: Cross GCC Compiler
riscv64-unknown-elf-gcc -DDONT_USE_PLIC -DDONT_USE_M_TIME -I"/home/taka/RISCV/FreeRTOS/FreeRTOS/FreeRTOS/Demo/RISC-V-Qemu-sifive_e-Eclipse-GCC" -I"/home/taka/RISCV/FreeRTOS/FreeRTOS/FreeRTOS/Demo/Common/include" -I"/home/taka/RISCV/FreeRTOS/FreeRTOS/FreeRTOS/Demo/RISC-V-Qemu-sifive_e-Eclipse-GCC/freedom-e-sdk/env" -I"/home/taka/RISCV/FreeRTOS/FreeRTOS/FreeRTOS/Demo/RISC-V-Qemu-sifive_e-Eclipse-GCC/freedom-e-sdk/include" -I"/home/taka/RISCV/FreeRTOS/FreeRTOS/FreeRTOS/Demo/RISC-V-Qemu-sifive_e-Eclipse-GCC/freedom-e-sdk/env/freedom-e300-hifive1" -I"/home/taka/RISCV/FreeRTOS/FreeRTOS/FreeRTOS/Source/include" -I"/home/taka/RISCV/FreeRTOS/FreeRTOS/FreeRTOS/Source/portable/GCC/RISC-V" -O0 -g3 -Wall -Wextra -c -fmessage-length=0 -march=rv32imac -mabi=ilp32 -mcmodel=medlow -ffunction-sections -fdata-sections --specs=nano.specs -fno-builtin-printf  -Wno-unused-parameter -MMD -MP -MF"full_demo/standard_demo_tasks/blocktim.d" -MT"full_demo/standard_demo_tasks/blocktim.o" -o "full_demo/standard_demo_tasks/blocktim.o" "/home/taka/RISCV/FreeRTOS/FreeRTOS/FreeRTOS/Demo/Common/Minimal/blocktim.c"
Finished building: /home/taka/RISCV/FreeRTOS/FreeRTOS/FreeRTOS/Demo/Common/Minimal/TimerDemo.c
 
Building file: /home/taka/RISCV/FreeRTOS/FreeRTOS/FreeRTOS/Demo/Common/Minimal/dynamic.c
Invoking: Cross GCC Compiler
riscv64-unknown-elf-gcc -DDONT_USE_PLIC -DDONT_USE_M_TIME -I"/home/taka/RISCV/FreeRTOS/FreeRTOS/FreeRTOS/Demo/RISC-V-Qemu-sifive_e-Eclipse-GCC" -I"/home/taka/RISCV/FreeRTOS/FreeRTOS/FreeRTOS/Demo/Common/include" -I"/home/taka/RISCV/FreeRTOS/FreeRTOS/FreeRTOS/Demo/RISC-V-Qemu-sifive_e-Eclipse-GCC/freedom-e-sdk/env" -I"/home/taka/RISCV/FreeRTOS/FreeRTOS/FreeRTOS/Demo/RISC-V-Qemu-sifive_e-Eclipse-GCC/freedom-e-sdk/include" -I"/home/taka/RISCV/FreeRTOS/FreeRTOS/FreeRTOS/Demo/RISC-V-Qemu-sifive_e-Eclipse-GCC/freedom-e-sdk/env/freedom-e300-hifive1" -I"/home/taka/RISCV/FreeRTOS/FreeRTOS/FreeRTOS/Source/include" -I"/home/taka/RISCV/FreeRTOS/FreeRTOS/FreeRTOS/Source/portable/GCC/RISC-V" -O0 -g3 -Wall -Wextra -c -fmessage-length=0 -march=rv32imac -mabi=ilp32 -mcmodel=medlow -ffunction-sections -fdata-sections --specs=nano.specs -fno-builtin-printf  -Wno-unused-parameter -MMD -MP -MF"full_demo/standard_demo_tasks/dynamic.d" -MT"full_demo/standard_demo_tasks/dynamic.o" -o "full_demo/standard_demo_tasks/dynamic.o" "/home/taka/RISCV/FreeRTOS/FreeRTOS/FreeRTOS/Demo/Common/Minimal/dynamic.c"
Finished building: /home/taka/RISCV/FreeRTOS/FreeRTOS/FreeRTOS/Demo/Common/Minimal/blocktim.c
 
Building file: /home/taka/RISCV/FreeRTOS/FreeRTOS/FreeRTOS/Demo/Common/Minimal/recmutex.c
Invoking: Cross GCC Compiler
riscv64-unknown-elf-gcc -DDONT_USE_PLIC -DDONT_USE_M_TIME -I"/home/taka/RISCV/FreeRTOS/FreeRTOS/FreeRTOS/Demo/RISC-V-Qemu-sifive_e-Eclipse-GCC" -I"/home/taka/RISCV/FreeRTOS/FreeRTOS/FreeRTOS/Demo/Common/include" -I"/home/taka/RISCV/FreeRTOS/FreeRTOS/FreeRTOS/Demo/RISC-V-Qemu-sifive_e-Eclipse-GCC/freedom-e-sdk/env" -I"/home/taka/RISCV/FreeRTOS/FreeRTOS/FreeRTOS/Demo/RISC-V-Qemu-sifive_e-Eclipse-GCC/freedom-e-sdk/include" -I"/home/taka/RISCV/FreeRTOS/FreeRTOS/FreeRTOS/Demo/RISC-V-Qemu-sifive_e-Eclipse-GCC/freedom-e-sdk/env/freedom-e300-hifive1" -I"/home/taka/RISCV/FreeRTOS/FreeRTOS/FreeRTOS/Source/include" -I"/home/taka/RISCV/FreeRTOS/FreeRTOS/FreeRTOS/Source/portable/GCC/RISC-V" -O0 -g3 -Wall -Wextra -c -fmessage-length=0 -march=rv32imac -mabi=ilp32 -mcmodel=medlow -ffunction-sections -fdata-sections --specs=nano.specs -fno-builtin-printf  -Wno-unused-parameter -MMD -MP -MF"full_demo/standard_demo_tasks/recmutex.d" -MT"full_demo/standard_demo_tasks/recmutex.o" -o "full_demo/standard_demo_tasks/recmutex.o" "/home/taka/RISCV/FreeRTOS/FreeRTOS/FreeRTOS/Demo/Common/Minimal/recmutex.c"
Finished building: /home/taka/RISCV/FreeRTOS/FreeRTOS/FreeRTOS/Demo/Common/Minimal/dynamic.c
 
Building file: ../full_demo/RegTest.S
Invoking: Cross GCC Assembler
riscv64-unknown-elf-gcc -march=rv32imac -mabi=ilp32 -mcmodel=medlow -c -DportasmHANDLE_INTERRUPT=handle_trap -g3 -I"/home/taka/RISCV/FreeRTOS/FreeRTOS/FreeRTOS/Source/portable/GCC/RISC-V/chip_specific_extensions/RV32I_CLINT_no_extensions" -I"/home/taka/RISCV/FreeRTOS/FreeRTOS/FreeRTOS/Demo/RISC-V-Qemu-sifive_e-Eclipse-GCC/freedom-e-sdk/include" -o "full_demo/RegTest.o" "../full_demo/RegTest.S"
Finished building: /home/taka/RISCV/FreeRTOS/FreeRTOS/FreeRTOS/Demo/Common/Minimal/recmutex.c
 
Finished building: ../full_demo/RegTest.S
 
Building file: ../full_demo/main_full.c
Invoking: Cross GCC Compiler
Building file: /home/taka/RISCV/FreeRTOS/FreeRTOS/FreeRTOS/Source/portable/MemMang/heap_4.c
riscv64-unknown-elf-gcc -DDONT_USE_PLIC -DDONT_USE_M_TIME -I"/home/taka/RISCV/FreeRTOS/FreeRTOS/FreeRTOS/Demo/RISC-V-Qemu-sifive_e-Eclipse-GCC" -I"/home/taka/RISCV/FreeRTOS/FreeRTOS/FreeRTOS/Demo/Common/include" -I"/home/taka/RISCV/FreeRTOS/FreeRTOS/FreeRTOS/Demo/RISC-V-Qemu-sifive_e-Eclipse-GCC/freedom-e-sdk/env" -I"/home/taka/RISCV/FreeRTOS/FreeRTOS/FreeRTOS/Demo/RISC-V-Qemu-sifive_e-Eclipse-GCC/freedom-e-sdk/include" -I"/home/taka/RISCV/FreeRTOS/FreeRTOS/FreeRTOS/Demo/RISC-V-Qemu-sifive_e-Eclipse-GCC/freedom-e-sdk/env/freedom-e300-hifive1" -I"/home/taka/RISCV/FreeRTOS/FreeRTOS/FreeRTOS/Source/include" -I"/home/taka/RISCV/FreeRTOS/FreeRTOS/FreeRTOS/Source/portable/GCC/RISC-V" -O0 -g3 -Wall -Wextra -c -fmessage-length=0 -march=rv32imac -mabi=ilp32 -mcmodel=medlow -ffunction-sections -fdata-sections --specs=nano.specs -fno-builtin-printf  -Wno-unused-parameter -MMD -MP -MF"full_demo/main_full.d" -MT"full_demo/main_full.o" -o "full_demo/main_full.o" "../full_demo/main_full.c"
Invoking: Cross GCC Compiler
riscv64-unknown-elf-gcc -DDONT_USE_PLIC -DDONT_USE_M_TIME -I"/home/taka/RISCV/FreeRTOS/FreeRTOS/FreeRTOS/Demo/RISC-V-Qemu-sifive_e-Eclipse-GCC" -I"/home/taka/RISCV/FreeRTOS/FreeRTOS/FreeRTOS/Demo/Common/include" -I"/home/taka/RISCV/FreeRTOS/FreeRTOS/FreeRTOS/Demo/RISC-V-Qemu-sifive_e-Eclipse-GCC/freedom-e-sdk/env" -I"/home/taka/RISCV/FreeRTOS/FreeRTOS/FreeRTOS/Demo/RISC-V-Qemu-sifive_e-Eclipse-GCC/freedom-e-sdk/include" -I"/home/taka/RISCV/FreeRTOS/FreeRTOS/FreeRTOS/Demo/RISC-V-Qemu-sifive_e-Eclipse-GCC/freedom-e-sdk/env/freedom-e300-hifive1" -I"/home/taka/RISCV/FreeRTOS/FreeRTOS/FreeRTOS/Source/include" -I"/home/taka/RISCV/FreeRTOS/FreeRTOS/FreeRTOS/Source/portable/GCC/RISC-V" -O0 -g3 -Wall -Wextra -c -fmessage-length=0 -march=rv32imac -mabi=ilp32 -mcmodel=medlow -ffunction-sections -fdata-sections --specs=nano.specs -fno-builtin-printf  -Wno-unused-parameter -MMD -MP -MF"freertos_source/portable/MemMang/heap_4.d" -MT"freertos_source/portable/MemMang/heap_4.o" -o "freertos_source/portable/MemMang/heap_4.o" "/home/taka/RISCV/FreeRTOS/FreeRTOS/FreeRTOS/Source/portable/MemMang/heap_4.c"
Finished building: ../full_demo/main_full.c
 
Finished building: /home/taka/RISCV/FreeRTOS/FreeRTOS/FreeRTOS/Source/portable/MemMang/heap_4.c
Building file: /home/taka/RISCV/FreeRTOS/FreeRTOS/FreeRTOS/Source/portable/GCC/RISC-V/port.c
Invoking: Cross GCC Compiler
 
riscv64-unknown-elf-gcc -DDONT_USE_PLIC -DDONT_USE_M_TIME -I"/home/taka/RISCV/FreeRTOS/FreeRTOS/FreeRTOS/Demo/RISC-V-Qemu-sifive_e-Eclipse-GCC" -I"/home/taka/RISCV/FreeRTOS/FreeRTOS/FreeRTOS/Demo/Common/include" -I"/home/taka/RISCV/FreeRTOS/FreeRTOS/FreeRTOS/Demo/RISC-V-Qemu-sifive_e-Eclipse-GCC/freedom-e-sdk/env" -I"/home/taka/RISCV/FreeRTOS/FreeRTOS/FreeRTOS/Demo/RISC-V-Qemu-sifive_e-Eclipse-GCC/freedom-e-sdk/include" -I"/home/taka/RISCV/FreeRTOS/FreeRTOS/FreeRTOS/Demo/RISC-V-Qemu-sifive_e-Eclipse-GCC/freedom-e-sdk/env/freedom-e300-hifive1" -I"/home/taka/RISCV/FreeRTOS/FreeRTOS/FreeRTOS/Source/include" -I"/home/taka/RISCV/FreeRTOS/FreeRTOS/FreeRTOS/Source/portable/GCC/RISC-V" -O0 -g3 -Wall -Wextra -c -fmessage-length=0 -march=rv32imac -mabi=ilp32 -mcmodel=medlow -ffunction-sections -fdata-sections --specs=nano.specs -fno-builtin-printf  -Wno-unused-parameter -MMD -MP -MF"freertos_source/portable/GCC/RISC-V/port.d" -MT"freertos_source/portable/GCC/RISC-V/port.o" -o "freertos_source/portable/GCC/RISC-V/port.o" "/home/taka/RISCV/FreeRTOS/FreeRTOS/FreeRTOS/Source/portable/GCC/RISC-V/port.c"
Building file: /home/taka/RISCV/FreeRTOS/FreeRTOS/FreeRTOS/Source/portable/GCC/RISC-V/portASM.S
Invoking: Cross GCC Assembler
riscv64-unknown-elf-gcc -march=rv32imac -mabi=ilp32 -mcmodel=medlow -c -DportasmHANDLE_INTERRUPT=handle_trap -g3 -I"/home/taka/RISCV/FreeRTOS/FreeRTOS/FreeRTOS/Source/portable/GCC/RISC-V/chip_specific_extensions/RV32I_CLINT_no_extensions" -I"/home/taka/RISCV/FreeRTOS/FreeRTOS/FreeRTOS/Demo/RISC-V-Qemu-sifive_e-Eclipse-GCC/freedom-e-sdk/include" -o "freertos_source/portable/GCC/RISC-V/portASM.o" "/home/taka/RISCV/FreeRTOS/FreeRTOS/FreeRTOS/Source/portable/GCC/RISC-V/portASM.S"
Finished building: /home/taka/RISCV/FreeRTOS/FreeRTOS/FreeRTOS/Source/portable/GCC/RISC-V/portASM.S
 
Building file: /home/taka/RISCV/FreeRTOS/FreeRTOS/FreeRTOS/Source/event_groups.c
Invoking: Cross GCC Compiler
riscv64-unknown-elf-gcc -DDONT_USE_PLIC -DDONT_USE_M_TIME -I"/home/taka/RISCV/FreeRTOS/FreeRTOS/FreeRTOS/Demo/RISC-V-Qemu-sifive_e-Eclipse-GCC" -I"/home/taka/RISCV/FreeRTOS/FreeRTOS/FreeRTOS/Demo/Common/include" -I"/home/taka/RISCV/FreeRTOS/FreeRTOS/FreeRTOS/Demo/RISC-V-Qemu-sifive_e-Eclipse-GCC/freedom-e-sdk/env" -I"/home/taka/RISCV/FreeRTOS/FreeRTOS/FreeRTOS/Demo/RISC-V-Qemu-sifive_e-Eclipse-GCC/freedom-e-sdk/include" -I"/home/taka/RISCV/FreeRTOS/FreeRTOS/FreeRTOS/Demo/RISC-V-Qemu-sifive_e-Eclipse-GCC/freedom-e-sdk/env/freedom-e300-hifive1" -I"/home/taka/RISCV/FreeRTOS/FreeRTOS/FreeRTOS/Source/include" -I"/home/taka/RISCV/FreeRTOS/FreeRTOS/FreeRTOS/Source/portable/GCC/RISC-V" -O0 -g3 -Wall -Wextra -c -fmessage-length=0 -march=rv32imac -mabi=ilp32 -mcmodel=medlow -ffunction-sections -fdata-sections --specs=nano.specs -fno-builtin-printf  -Wno-unused-parameter -MMD -MP -MF"freertos_source/event_groups.d" -MT"freertos_source/event_groups.o" -o "freertos_source/event_groups.o" "/home/taka/RISCV/FreeRTOS/FreeRTOS/FreeRTOS/Source/event_groups.c"
Finished building: /home/taka/RISCV/FreeRTOS/FreeRTOS/FreeRTOS/Source/portable/GCC/RISC-V/port.c
 
Building file: /home/taka/RISCV/FreeRTOS/FreeRTOS/FreeRTOS/Source/list.c
Invoking: Cross GCC Compiler
riscv64-unknown-elf-gcc -DDONT_USE_PLIC -DDONT_USE_M_TIME -I"/home/taka/RISCV/FreeRTOS/FreeRTOS/FreeRTOS/Demo/RISC-V-Qemu-sifive_e-Eclipse-GCC" -I"/home/taka/RISCV/FreeRTOS/FreeRTOS/FreeRTOS/Demo/Common/include" -I"/home/taka/RISCV/FreeRTOS/FreeRTOS/FreeRTOS/Demo/RISC-V-Qemu-sifive_e-Eclipse-GCC/freedom-e-sdk/env" -I"/home/taka/RISCV/FreeRTOS/FreeRTOS/FreeRTOS/Demo/RISC-V-Qemu-sifive_e-Eclipse-GCC/freedom-e-sdk/include" -I"/home/taka/RISCV/FreeRTOS/FreeRTOS/FreeRTOS/Demo/RISC-V-Qemu-sifive_e-Eclipse-GCC/freedom-e-sdk/env/freedom-e300-hifive1" -I"/home/taka/RISCV/FreeRTOS/FreeRTOS/FreeRTOS/Source/include" -I"/home/taka/RISCV/FreeRTOS/FreeRTOS/FreeRTOS/Source/portable/GCC/RISC-V" -O0 -g3 -Wall -Wextra -c -fmessage-length=0 -march=rv32imac -mabi=ilp32 -mcmodel=medlow -ffunction-sections -fdata-sections --specs=nano.specs -fno-builtin-printf  -Wno-unused-parameter -MMD -MP -MF"freertos_source/list.d" -MT"freertos_source/list.o" -o "freertos_source/list.o" "/home/taka/RISCV/FreeRTOS/FreeRTOS/FreeRTOS/Source/list.c"
Finished building: /home/taka/RISCV/FreeRTOS/FreeRTOS/FreeRTOS/Source/list.c
 
Building file: /home/taka/RISCV/FreeRTOS/FreeRTOS/FreeRTOS/Source/queue.c
Finished building: /home/taka/RISCV/FreeRTOS/FreeRTOS/FreeRTOS/Source/event_groups.c
Invoking: Cross GCC Compiler
riscv64-unknown-elf-gcc -DDONT_USE_PLIC -DDONT_USE_M_TIME -I"/home/taka/RISCV/FreeRTOS/FreeRTOS/FreeRTOS/Demo/RISC-V-Qemu-sifive_e-Eclipse-GCC" -I"/home/taka/RISCV/FreeRTOS/FreeRTOS/FreeRTOS/Demo/Common/include" -I"/home/taka/RISCV/FreeRTOS/FreeRTOS/FreeRTOS/Demo/RISC-V-Qemu-sifive_e-Eclipse-GCC/freedom-e-sdk/env" -I"/home/taka/RISCV/FreeRTOS/FreeRTOS/FreeRTOS/Demo/RISC-V-Qemu-sifive_e-Eclipse-GCC/freedom-e-sdk/include" -I"/home/taka/RISCV/FreeRTOS/FreeRTOS/FreeRTOS/Demo/RISC-V-Qemu-sifive_e-Eclipse-GCC/freedom-e-sdk/env/freedom-e300-hifive1" -I"/home/taka/RISCV/FreeRTOS/FreeRTOS/FreeRTOS/Source/include" -I"/home/taka/RISCV/FreeRTOS/FreeRTOS/FreeRTOS/Source/portable/GCC/RISC-V" -O0 -g3 -Wall -Wextra -c -fmessage-length=0 -march=rv32imac -mabi=ilp32 -mcmodel=medlow -ffunction-sections -fdata-sections --specs=nano.specs -fno-builtin-printf  -Wno-unused-parameter -MMD -MP -MF"freertos_source/queue.d" -MT"freertos_source/queue.o" -o "freertos_source/queue.o" "/home/taka/RISCV/FreeRTOS/FreeRTOS/FreeRTOS/Source/queue.c"
 
Building file: /home/taka/RISCV/FreeRTOS/FreeRTOS/FreeRTOS/Source/stream_buffer.c
Invoking: Cross GCC Compiler
riscv64-unknown-elf-gcc -DDONT_USE_PLIC -DDONT_USE_M_TIME -I"/home/taka/RISCV/FreeRTOS/FreeRTOS/FreeRTOS/Demo/RISC-V-Qemu-sifive_e-Eclipse-GCC" -I"/home/taka/RISCV/FreeRTOS/FreeRTOS/FreeRTOS/Demo/Common/include" -I"/home/taka/RISCV/FreeRTOS/FreeRTOS/FreeRTOS/Demo/RISC-V-Qemu-sifive_e-Eclipse-GCC/freedom-e-sdk/env" -I"/home/taka/RISCV/FreeRTOS/FreeRTOS/FreeRTOS/Demo/RISC-V-Qemu-sifive_e-Eclipse-GCC/freedom-e-sdk/include" -I"/home/taka/RISCV/FreeRTOS/FreeRTOS/FreeRTOS/Demo/RISC-V-Qemu-sifive_e-Eclipse-GCC/freedom-e-sdk/env/freedom-e300-hifive1" -I"/home/taka/RISCV/FreeRTOS/FreeRTOS/FreeRTOS/Source/include" -I"/home/taka/RISCV/FreeRTOS/FreeRTOS/FreeRTOS/Source/portable/GCC/RISC-V" -O0 -g3 -Wall -Wextra -c -fmessage-length=0 -march=rv32imac -mabi=ilp32 -mcmodel=medlow -ffunction-sections -fdata-sections --specs=nano.specs -fno-builtin-printf  -Wno-unused-parameter -MMD -MP -MF"freertos_source/stream_buffer.d" -MT"freertos_source/stream_buffer.o" -o "freertos_source/stream_buffer.o" "/home/taka/RISCV/FreeRTOS/FreeRTOS/FreeRTOS/Source/stream_buffer.c"
Finished building: /home/taka/RISCV/FreeRTOS/FreeRTOS/FreeRTOS/Source/stream_buffer.c
 
Building file: /home/taka/RISCV/FreeRTOS/FreeRTOS/FreeRTOS/Source/tasks.c
Invoking: Cross GCC Compiler
riscv64-unknown-elf-gcc -DDONT_USE_PLIC -DDONT_USE_M_TIME -I"/home/taka/RISCV/FreeRTOS/FreeRTOS/FreeRTOS/Demo/RISC-V-Qemu-sifive_e-Eclipse-GCC" -I"/home/taka/RISCV/FreeRTOS/FreeRTOS/FreeRTOS/Demo/Common/include" -I"/home/taka/RISCV/FreeRTOS/FreeRTOS/FreeRTOS/Demo/RISC-V-Qemu-sifive_e-Eclipse-GCC/freedom-e-sdk/env" -I"/home/taka/RISCV/FreeRTOS/FreeRTOS/FreeRTOS/Demo/RISC-V-Qemu-sifive_e-Eclipse-GCC/freedom-e-sdk/include" -I"/home/taka/RISCV/FreeRTOS/FreeRTOS/FreeRTOS/Demo/RISC-V-Qemu-sifive_e-Eclipse-GCC/freedom-e-sdk/env/freedom-e300-hifive1" -I"/home/taka/RISCV/FreeRTOS/FreeRTOS/FreeRTOS/Source/include" -I"/home/taka/RISCV/FreeRTOS/FreeRTOS/FreeRTOS/Source/portable/GCC/RISC-V" -O0 -g3 -Wall -Wextra -c -fmessage-length=0 -march=rv32imac -mabi=ilp32 -mcmodel=medlow -ffunction-sections -fdata-sections --specs=nano.specs -fno-builtin-printf  -Wno-unused-parameter -MMD -MP -MF"freertos_source/tasks.d" -MT"freertos_source/tasks.o" -o "freertos_source/tasks.o" "/home/taka/RISCV/FreeRTOS/FreeRTOS/FreeRTOS/Source/tasks.c"
Finished building: /home/taka/RISCV/FreeRTOS/FreeRTOS/FreeRTOS/Source/queue.c
 
Building file: /home/taka/RISCV/FreeRTOS/FreeRTOS/FreeRTOS/Source/timers.c
Invoking: Cross GCC Compiler
riscv64-unknown-elf-gcc -DDONT_USE_PLIC -DDONT_USE_M_TIME -I"/home/taka/RISCV/FreeRTOS/FreeRTOS/FreeRTOS/Demo/RISC-V-Qemu-sifive_e-Eclipse-GCC" -I"/home/taka/RISCV/FreeRTOS/FreeRTOS/FreeRTOS/Demo/Common/include" -I"/home/taka/RISCV/FreeRTOS/FreeRTOS/FreeRTOS/Demo/RISC-V-Qemu-sifive_e-Eclipse-GCC/freedom-e-sdk/env" -I"/home/taka/RISCV/FreeRTOS/FreeRTOS/FreeRTOS/Demo/RISC-V-Qemu-sifive_e-Eclipse-GCC/freedom-e-sdk/include" -I"/home/taka/RISCV/FreeRTOS/FreeRTOS/FreeRTOS/Demo/RISC-V-Qemu-sifive_e-Eclipse-GCC/freedom-e-sdk/env/freedom-e300-hifive1" -I"/home/taka/RISCV/FreeRTOS/FreeRTOS/FreeRTOS/Source/include" -I"/home/taka/RISCV/FreeRTOS/FreeRTOS/FreeRTOS/Source/portable/GCC/RISC-V" -O0 -g3 -Wall -Wextra -c -fmessage-length=0 -march=rv32imac -mabi=ilp32 -mcmodel=medlow -ffunction-sections -fdata-sections --specs=nano.specs -fno-builtin-printf  -Wno-unused-parameter -MMD -MP -MF"freertos_source/timers.d" -MT"freertos_source/timers.o" -o "freertos_source/timers.o" "/home/taka/RISCV/FreeRTOS/FreeRTOS/FreeRTOS/Source/timers.c"
Finished building: /home/taka/RISCV/FreeRTOS/FreeRTOS/FreeRTOS/Source/tasks.c
 
Building file: ../freedom-e-sdk/libwrap/sys/_exit.c
Invoking: Cross GCC Compiler
riscv64-unknown-elf-gcc -DDONT_USE_PLIC -DDONT_USE_M_TIME -I"/home/taka/RISCV/FreeRTOS/FreeRTOS/FreeRTOS/Demo/RISC-V-Qemu-sifive_e-Eclipse-GCC" -I"/home/taka/RISCV/FreeRTOS/FreeRTOS/FreeRTOS/Demo/Common/include" -I"/home/taka/RISCV/FreeRTOS/FreeRTOS/FreeRTOS/Demo/RISC-V-Qemu-sifive_e-Eclipse-GCC/freedom-e-sdk/env" -I"/home/taka/RISCV/FreeRTOS/FreeRTOS/FreeRTOS/Demo/RISC-V-Qemu-sifive_e-Eclipse-GCC/freedom-e-sdk/include" -I"/home/taka/RISCV/FreeRTOS/FreeRTOS/FreeRTOS/Demo/RISC-V-Qemu-sifive_e-Eclipse-GCC/freedom-e-sdk/env/freedom-e300-hifive1" -I"/home/taka/RISCV/FreeRTOS/FreeRTOS/FreeRTOS/Source/include" -I"/home/taka/RISCV/FreeRTOS/FreeRTOS/FreeRTOS/Source/portable/GCC/RISC-V" -O0 -g3 -Wall -Wextra -c -fmessage-length=0 -march=rv32imac -mabi=ilp32 -mcmodel=medlow -ffunction-sections -fdata-sections --specs=nano.specs -fno-builtin-printf  -Wno-unused-parameter -MMD -MP -MF"freedom-e-sdk/libwrap/sys/_exit.d" -MT"freedom-e-sdk/libwrap/sys/_exit.o" -o "freedom-e-sdk/libwrap/sys/_exit.o" "../freedom-e-sdk/libwrap/sys/_exit.c"
Finished building: /home/taka/RISCV/FreeRTOS/FreeRTOS/FreeRTOS/Source/timers.c
 
Building file: ../freedom-e-sdk/libwrap/sys/close.c
Invoking: Cross GCC Compiler
riscv64-unknown-elf-gcc -DDONT_USE_PLIC -DDONT_USE_M_TIME -I"/home/taka/RISCV/FreeRTOS/FreeRTOS/FreeRTOS/Demo/RISC-V-Qemu-sifive_e-Eclipse-GCC" -I"/home/taka/RISCV/FreeRTOS/FreeRTOS/FreeRTOS/Demo/Common/include" -I"/home/taka/RISCV/FreeRTOS/FreeRTOS/FreeRTOS/Demo/RISC-V-Qemu-sifive_e-Eclipse-GCC/freedom-e-sdk/env" -I"/home/taka/RISCV/FreeRTOS/FreeRTOS/FreeRTOS/Demo/RISC-V-Qemu-sifive_e-Eclipse-GCC/freedom-e-sdk/include" -I"/home/taka/RISCV/FreeRTOS/FreeRTOS/FreeRTOS/Demo/RISC-V-Qemu-sifive_e-Eclipse-GCC/freedom-e-sdk/env/freedom-e300-hifive1" -I"/home/taka/RISCV/FreeRTOS/FreeRTOS/FreeRTOS/Source/include" -I"/home/taka/RISCV/FreeRTOS/FreeRTOS/FreeRTOS/Source/portable/GCC/RISC-V" -O0 -g3 -Wall -Wextra -c -fmessage-length=0 -march=rv32imac -mabi=ilp32 -mcmodel=medlow -ffunction-sections -fdata-sections --specs=nano.specs -fno-builtin-printf  -Wno-unused-parameter -MMD -MP -MF"freedom-e-sdk/libwrap/sys/close.d" -MT"freedom-e-sdk/libwrap/sys/close.o" -o "freedom-e-sdk/libwrap/sys/close.o" "../freedom-e-sdk/libwrap/sys/close.c"
Finished building: ../freedom-e-sdk/libwrap/sys/_exit.c
 
Building file: ../freedom-e-sdk/libwrap/sys/execve.c
Invoking: Cross GCC Compiler
riscv64-unknown-elf-gcc -DDONT_USE_PLIC -DDONT_USE_M_TIME -I"/home/taka/RISCV/FreeRTOS/FreeRTOS/FreeRTOS/Demo/RISC-V-Qemu-sifive_e-Eclipse-GCC" -I"/home/taka/RISCV/FreeRTOS/FreeRTOS/FreeRTOS/Demo/Common/include" -I"/home/taka/RISCV/FreeRTOS/FreeRTOS/FreeRTOS/Demo/RISC-V-Qemu-sifive_e-Eclipse-GCC/freedom-e-sdk/env" -I"/home/taka/RISCV/FreeRTOS/FreeRTOS/FreeRTOS/Demo/RISC-V-Qemu-sifive_e-Eclipse-GCC/freedom-e-sdk/include" -I"/home/taka/RISCV/FreeRTOS/FreeRTOS/FreeRTOS/Demo/RISC-V-Qemu-sifive_e-Eclipse-GCC/freedom-e-sdk/env/freedom-e300-hifive1" -I"/home/taka/RISCV/FreeRTOS/FreeRTOS/FreeRTOS/Source/include" -I"/home/taka/RISCV/FreeRTOS/FreeRTOS/FreeRTOS/Source/portable/GCC/RISC-V" -O0 -g3 -Wall -Wextra -c -fmessage-length=0 -march=rv32imac -mabi=ilp32 -mcmodel=medlow -ffunction-sections -fdata-sections --specs=nano.specs -fno-builtin-printf  -Wno-unused-parameter -MMD -MP -MF"freedom-e-sdk/libwrap/sys/execve.d" -MT"freedom-e-sdk/libwrap/sys/execve.o" -o "freedom-e-sdk/libwrap/sys/execve.o" "../freedom-e-sdk/libwrap/sys/execve.c"
Finished building: ../freedom-e-sdk/libwrap/sys/execve.c
 
Building file: ../freedom-e-sdk/libwrap/sys/fork.c
Invoking: Cross GCC Compiler
riscv64-unknown-elf-gcc -DDONT_USE_PLIC -DDONT_USE_M_TIME -I"/home/taka/RISCV/FreeRTOS/FreeRTOS/FreeRTOS/Demo/RISC-V-Qemu-sifive_e-Eclipse-GCC" -I"/home/taka/RISCV/FreeRTOS/FreeRTOS/FreeRTOS/Demo/Common/include" -I"/home/taka/RISCV/FreeRTOS/FreeRTOS/FreeRTOS/Demo/RISC-V-Qemu-sifive_e-Eclipse-GCC/freedom-e-sdk/env" -I"/home/taka/RISCV/FreeRTOS/FreeRTOS/FreeRTOS/Demo/RISC-V-Qemu-sifive_e-Eclipse-GCC/freedom-e-sdk/include" -I"/home/taka/RISCV/FreeRTOS/FreeRTOS/FreeRTOS/Demo/RISC-V-Qemu-sifive_e-Eclipse-GCC/freedom-e-sdk/env/freedom-e300-hifive1" -I"/home/taka/RISCV/FreeRTOS/FreeRTOS/FreeRTOS/Source/include" -I"/home/taka/RISCV/FreeRTOS/FreeRTOS/FreeRTOS/Source/portable/GCC/RISC-V" -O0 -g3 -Wall -Wextra -c -fmessage-length=0 -march=rv32imac -mabi=ilp32 -mcmodel=medlow -ffunction-sections -fdata-sections --specs=nano.specs -fno-builtin-printf  -Wno-unused-parameter -MMD -MP -MF"freedom-e-sdk/libwrap/sys/fork.d" -MT"freedom-e-sdk/libwrap/sys/fork.o" -o "freedom-e-sdk/libwrap/sys/fork.o" "../freedom-e-sdk/libwrap/sys/fork.c"
Finished building: ../freedom-e-sdk/libwrap/sys/close.c
 
Building file: ../freedom-e-sdk/libwrap/sys/fstat.c
Invoking: Cross GCC Compiler
riscv64-unknown-elf-gcc -DDONT_USE_PLIC -DDONT_USE_M_TIME -I"/home/taka/RISCV/FreeRTOS/FreeRTOS/FreeRTOS/Demo/RISC-V-Qemu-sifive_e-Eclipse-GCC" -I"/home/taka/RISCV/FreeRTOS/FreeRTOS/FreeRTOS/Demo/Common/include" -I"/home/taka/RISCV/FreeRTOS/FreeRTOS/FreeRTOS/Demo/RISC-V-Qemu-sifive_e-Eclipse-GCC/freedom-e-sdk/env" -I"/home/taka/RISCV/FreeRTOS/FreeRTOS/FreeRTOS/Demo/RISC-V-Qemu-sifive_e-Eclipse-GCC/freedom-e-sdk/include" -I"/home/taka/RISCV/FreeRTOS/FreeRTOS/FreeRTOS/Demo/RISC-V-Qemu-sifive_e-Eclipse-GCC/freedom-e-sdk/env/freedom-e300-hifive1" -I"/home/taka/RISCV/FreeRTOS/FreeRTOS/FreeRTOS/Source/include" -I"/home/taka/RISCV/FreeRTOS/FreeRTOS/FreeRTOS/Source/portable/GCC/RISC-V" -O0 -g3 -Wall -Wextra -c -fmessage-length=0 -march=rv32imac -mabi=ilp32 -mcmodel=medlow -ffunction-sections -fdata-sections --specs=nano.specs -fno-builtin-printf  -Wno-unused-parameter -MMD -MP -MF"freedom-e-sdk/libwrap/sys/fstat.d" -MT"freedom-e-sdk/libwrap/sys/fstat.o" -o "freedom-e-sdk/libwrap/sys/fstat.o" "../freedom-e-sdk/libwrap/sys/fstat.c"
Finished building: ../freedom-e-sdk/libwrap/sys/fork.c
 
Building file: ../freedom-e-sdk/libwrap/sys/getpid.c
Invoking: Cross GCC Compiler
riscv64-unknown-elf-gcc -DDONT_USE_PLIC -DDONT_USE_M_TIME -I"/home/taka/RISCV/FreeRTOS/FreeRTOS/FreeRTOS/Demo/RISC-V-Qemu-sifive_e-Eclipse-GCC" -I"/home/taka/RISCV/FreeRTOS/FreeRTOS/FreeRTOS/Demo/Common/include" -I"/home/taka/RISCV/FreeRTOS/FreeRTOS/FreeRTOS/Demo/RISC-V-Qemu-sifive_e-Eclipse-GCC/freedom-e-sdk/env" -I"/home/taka/RISCV/FreeRTOS/FreeRTOS/FreeRTOS/Demo/RISC-V-Qemu-sifive_e-Eclipse-GCC/freedom-e-sdk/include" -I"/home/taka/RISCV/FreeRTOS/FreeRTOS/FreeRTOS/Demo/RISC-V-Qemu-sifive_e-Eclipse-GCC/freedom-e-sdk/env/freedom-e300-hifive1" -I"/home/taka/RISCV/FreeRTOS/FreeRTOS/FreeRTOS/Source/include" -I"/home/taka/RISCV/FreeRTOS/FreeRTOS/FreeRTOS/Source/portable/GCC/RISC-V" -O0 -g3 -Wall -Wextra -c -fmessage-length=0 -march=rv32imac -mabi=ilp32 -mcmodel=medlow -ffunction-sections -fdata-sections --specs=nano.specs -fno-builtin-printf  -Wno-unused-parameter -MMD -MP -MF"freedom-e-sdk/libwrap/sys/getpid.d" -MT"freedom-e-sdk/libwrap/sys/getpid.o" -o "freedom-e-sdk/libwrap/sys/getpid.o" "../freedom-e-sdk/libwrap/sys/getpid.c"
Finished building: ../freedom-e-sdk/libwrap/sys/fstat.c
 
Finished building: ../freedom-e-sdk/libwrap/sys/getpid.c
 
Building file: ../freedom-e-sdk/libwrap/sys/isatty.c
Invoking: Cross GCC Compiler
riscv64-unknown-elf-gcc -DDONT_USE_PLIC -DDONT_USE_M_TIME -I"/home/taka/RISCV/FreeRTOS/FreeRTOS/FreeRTOS/Demo/RISC-V-Qemu-sifive_e-Eclipse-GCC" -I"/home/taka/RISCV/FreeRTOS/FreeRTOS/FreeRTOS/Demo/Common/include" -I"/home/taka/RISCV/FreeRTOS/FreeRTOS/FreeRTOS/Demo/RISC-V-Qemu-sifive_e-Eclipse-GCC/freedom-e-sdk/env" -I"/home/taka/RISCV/FreeRTOS/FreeRTOS/FreeRTOS/Demo/RISC-V-Qemu-sifive_e-Eclipse-GCC/freedom-e-sdk/include" -I"/home/taka/RISCV/FreeRTOS/FreeRTOS/FreeRTOS/Demo/RISC-V-Qemu-sifive_e-Eclipse-GCC/freedom-e-sdk/env/freedom-e300-hifive1" -I"/home/taka/RISCV/FreeRTOS/FreeRTOS/FreeRTOS/Source/include" -I"/home/taka/RISCV/FreeRTOS/FreeRTOS/FreeRTOS/Source/portable/GCC/RISC-V" -O0 -g3 -Wall -Wextra -c -fmessage-length=0 -march=rv32imac -mabi=ilp32 -mcmodel=medlow -ffunction-sections -fdata-sections --specs=nano.specs -fno-builtin-printf  -Wno-unused-parameter -MMD -MP -MF"freedom-e-sdk/libwrap/sys/isatty.d" -MT"freedom-e-sdk/libwrap/sys/isatty.o" -o "freedom-e-sdk/libwrap/sys/isatty.o" "../freedom-e-sdk/libwrap/sys/isatty.c"
Building file: ../freedom-e-sdk/libwrap/sys/kill.c
Invoking: Cross GCC Compiler
riscv64-unknown-elf-gcc -DDONT_USE_PLIC -DDONT_USE_M_TIME -I"/home/taka/RISCV/FreeRTOS/FreeRTOS/FreeRTOS/Demo/RISC-V-Qemu-sifive_e-Eclipse-GCC" -I"/home/taka/RISCV/FreeRTOS/FreeRTOS/FreeRTOS/Demo/Common/include" -I"/home/taka/RISCV/FreeRTOS/FreeRTOS/FreeRTOS/Demo/RISC-V-Qemu-sifive_e-Eclipse-GCC/freedom-e-sdk/env" -I"/home/taka/RISCV/FreeRTOS/FreeRTOS/FreeRTOS/Demo/RISC-V-Qemu-sifive_e-Eclipse-GCC/freedom-e-sdk/include" -I"/home/taka/RISCV/FreeRTOS/FreeRTOS/FreeRTOS/Demo/RISC-V-Qemu-sifive_e-Eclipse-GCC/freedom-e-sdk/env/freedom-e300-hifive1" -I"/home/taka/RISCV/FreeRTOS/FreeRTOS/FreeRTOS/Source/include" -I"/home/taka/RISCV/FreeRTOS/FreeRTOS/FreeRTOS/Source/portable/GCC/RISC-V" -O0 -g3 -Wall -Wextra -c -fmessage-length=0 -march=rv32imac -mabi=ilp32 -mcmodel=medlow -ffunction-sections -fdata-sections --specs=nano.specs -fno-builtin-printf  -Wno-unused-parameter -MMD -MP -MF"freedom-e-sdk/libwrap/sys/kill.d" -MT"freedom-e-sdk/libwrap/sys/kill.o" -o "freedom-e-sdk/libwrap/sys/kill.o" "../freedom-e-sdk/libwrap/sys/kill.c"
Finished building: ../freedom-e-sdk/libwrap/sys/isatty.c
 
Building file: ../freedom-e-sdk/libwrap/sys/link.c
Invoking: Cross GCC Compiler
riscv64-unknown-elf-gcc -DDONT_USE_PLIC -DDONT_USE_M_TIME -I"/home/taka/RISCV/FreeRTOS/FreeRTOS/FreeRTOS/Demo/RISC-V-Qemu-sifive_e-Eclipse-GCC" -I"/home/taka/RISCV/FreeRTOS/FreeRTOS/FreeRTOS/Demo/Common/include" -I"/home/taka/RISCV/FreeRTOS/FreeRTOS/FreeRTOS/Demo/RISC-V-Qemu-sifive_e-Eclipse-GCC/freedom-e-sdk/env" -I"/home/taka/RISCV/FreeRTOS/FreeRTOS/FreeRTOS/Demo/RISC-V-Qemu-sifive_e-Eclipse-GCC/freedom-e-sdk/include" -I"/home/taka/RISCV/FreeRTOS/FreeRTOS/FreeRTOS/Demo/RISC-V-Qemu-sifive_e-Eclipse-GCC/freedom-e-sdk/env/freedom-e300-hifive1" -I"/home/taka/RISCV/FreeRTOS/FreeRTOS/FreeRTOS/Source/include" -I"/home/taka/RISCV/FreeRTOS/FreeRTOS/FreeRTOS/Source/portable/GCC/RISC-V" -O0 -g3 -Wall -Wextra -c -fmessage-length=0 -march=rv32imac -mabi=ilp32 -mcmodel=medlow -ffunction-sections -fdata-sections --specs=nano.specs -fno-builtin-printf  -Wno-unused-parameter -MMD -MP -MF"freedom-e-sdk/libwrap/sys/link.d" -MT"freedom-e-sdk/libwrap/sys/link.o" -o "freedom-e-sdk/libwrap/sys/link.o" "../freedom-e-sdk/libwrap/sys/link.c"
Finished building: ../freedom-e-sdk/libwrap/sys/kill.c
 
Building file: ../freedom-e-sdk/libwrap/sys/lseek.c
Invoking: Cross GCC Compiler
riscv64-unknown-elf-gcc -DDONT_USE_PLIC -DDONT_USE_M_TIME -I"/home/taka/RISCV/FreeRTOS/FreeRTOS/FreeRTOS/Demo/RISC-V-Qemu-sifive_e-Eclipse-GCC" -I"/home/taka/RISCV/FreeRTOS/FreeRTOS/FreeRTOS/Demo/Common/include" -I"/home/taka/RISCV/FreeRTOS/FreeRTOS/FreeRTOS/Demo/RISC-V-Qemu-sifive_e-Eclipse-GCC/freedom-e-sdk/env" -I"/home/taka/RISCV/FreeRTOS/FreeRTOS/FreeRTOS/Demo/RISC-V-Qemu-sifive_e-Eclipse-GCC/freedom-e-sdk/include" -I"/home/taka/RISCV/FreeRTOS/FreeRTOS/FreeRTOS/Demo/RISC-V-Qemu-sifive_e-Eclipse-GCC/freedom-e-sdk/env/freedom-e300-hifive1" -I"/home/taka/RISCV/FreeRTOS/FreeRTOS/FreeRTOS/Source/include" -I"/home/taka/RISCV/FreeRTOS/FreeRTOS/FreeRTOS/Source/portable/GCC/RISC-V" -O0 -g3 -Wall -Wextra -c -fmessage-length=0 -march=rv32imac -mabi=ilp32 -mcmodel=medlow -ffunction-sections -fdata-sections --specs=nano.specs -fno-builtin-printf  -Wno-unused-parameter -MMD -MP -MF"freedom-e-sdk/libwrap/sys/lseek.d" -MT"freedom-e-sdk/libwrap/sys/lseek.o" -o "freedom-e-sdk/libwrap/sys/lseek.o" "../freedom-e-sdk/libwrap/sys/lseek.c"
Finished building: ../freedom-e-sdk/libwrap/sys/link.c
 
Building file: ../freedom-e-sdk/libwrap/sys/open.c
Invoking: Cross GCC Compiler
riscv64-unknown-elf-gcc -DDONT_USE_PLIC -DDONT_USE_M_TIME -I"/home/taka/RISCV/FreeRTOS/FreeRTOS/FreeRTOS/Demo/RISC-V-Qemu-sifive_e-Eclipse-GCC" -I"/home/taka/RISCV/FreeRTOS/FreeRTOS/FreeRTOS/Demo/Common/include" -I"/home/taka/RISCV/FreeRTOS/FreeRTOS/FreeRTOS/Demo/RISC-V-Qemu-sifive_e-Eclipse-GCC/freedom-e-sdk/env" -I"/home/taka/RISCV/FreeRTOS/FreeRTOS/FreeRTOS/Demo/RISC-V-Qemu-sifive_e-Eclipse-GCC/freedom-e-sdk/include" -I"/home/taka/RISCV/FreeRTOS/FreeRTOS/FreeRTOS/Demo/RISC-V-Qemu-sifive_e-Eclipse-GCC/freedom-e-sdk/env/freedom-e300-hifive1" -I"/home/taka/RISCV/FreeRTOS/FreeRTOS/FreeRTOS/Source/include" -I"/home/taka/RISCV/FreeRTOS/FreeRTOS/FreeRTOS/Source/portable/GCC/RISC-V" -O0 -g3 -Wall -Wextra -c -fmessage-length=0 -march=rv32imac -mabi=ilp32 -mcmodel=medlow -ffunction-sections -fdata-sections --specs=nano.specs -fno-builtin-printf  -Wno-unused-parameter -MMD -MP -MF"freedom-e-sdk/libwrap/sys/open.d" -MT"freedom-e-sdk/libwrap/sys/open.o" -o "freedom-e-sdk/libwrap/sys/open.o" "../freedom-e-sdk/libwrap/sys/open.c"
Finished building: ../freedom-e-sdk/libwrap/sys/open.c
 
Building file: ../freedom-e-sdk/libwrap/sys/openat.c
Finished building: ../freedom-e-sdk/libwrap/sys/lseek.c
Invoking: Cross GCC Compiler
 
riscv64-unknown-elf-gcc -DDONT_USE_PLIC -DDONT_USE_M_TIME -I"/home/taka/RISCV/FreeRTOS/FreeRTOS/FreeRTOS/Demo/RISC-V-Qemu-sifive_e-Eclipse-GCC" -I"/home/taka/RISCV/FreeRTOS/FreeRTOS/FreeRTOS/Demo/Common/include" -I"/home/taka/RISCV/FreeRTOS/FreeRTOS/FreeRTOS/Demo/RISC-V-Qemu-sifive_e-Eclipse-GCC/freedom-e-sdk/env" -I"/home/taka/RISCV/FreeRTOS/FreeRTOS/FreeRTOS/Demo/RISC-V-Qemu-sifive_e-Eclipse-GCC/freedom-e-sdk/include" -I"/home/taka/RISCV/FreeRTOS/FreeRTOS/FreeRTOS/Demo/RISC-V-Qemu-sifive_e-Eclipse-GCC/freedom-e-sdk/env/freedom-e300-hifive1" -I"/home/taka/RISCV/FreeRTOS/FreeRTOS/FreeRTOS/Source/include" -I"/home/taka/RISCV/FreeRTOS/FreeRTOS/FreeRTOS/Source/portable/GCC/RISC-V" -O0 -g3 -Wall -Wextra -c -fmessage-length=0 -march=rv32imac -mabi=ilp32 -mcmodel=medlow -ffunction-sections -fdata-sections --specs=nano.specs -fno-builtin-printf  -Wno-unused-parameter -MMD -MP -MF"freedom-e-sdk/libwrap/sys/openat.d" -MT"freedom-e-sdk/libwrap/sys/openat.o" -o "freedom-e-sdk/libwrap/sys/openat.o" "../freedom-e-sdk/libwrap/sys/openat.c"
Building file: ../freedom-e-sdk/libwrap/sys/puts.c
Invoking: Cross GCC Compiler
riscv64-unknown-elf-gcc -DDONT_USE_PLIC -DDONT_USE_M_TIME -I"/home/taka/RISCV/FreeRTOS/FreeRTOS/FreeRTOS/Demo/RISC-V-Qemu-sifive_e-Eclipse-GCC" -I"/home/taka/RISCV/FreeRTOS/FreeRTOS/FreeRTOS/Demo/Common/include" -I"/home/taka/RISCV/FreeRTOS/FreeRTOS/FreeRTOS/Demo/RISC-V-Qemu-sifive_e-Eclipse-GCC/freedom-e-sdk/env" -I"/home/taka/RISCV/FreeRTOS/FreeRTOS/FreeRTOS/Demo/RISC-V-Qemu-sifive_e-Eclipse-GCC/freedom-e-sdk/include" -I"/home/taka/RISCV/FreeRTOS/FreeRTOS/FreeRTOS/Demo/RISC-V-Qemu-sifive_e-Eclipse-GCC/freedom-e-sdk/env/freedom-e300-hifive1" -I"/home/taka/RISCV/FreeRTOS/FreeRTOS/FreeRTOS/Source/include" -I"/home/taka/RISCV/FreeRTOS/FreeRTOS/FreeRTOS/Source/portable/GCC/RISC-V" -O0 -g3 -Wall -Wextra -c -fmessage-length=0 -march=rv32imac -mabi=ilp32 -mcmodel=medlow -ffunction-sections -fdata-sections --specs=nano.specs -fno-builtin-printf  -Wno-unused-parameter -MMD -MP -MF"freedom-e-sdk/libwrap/sys/puts.d" -MT"freedom-e-sdk/libwrap/sys/puts.o" -o "freedom-e-sdk/libwrap/sys/puts.o" "../freedom-e-sdk/libwrap/sys/puts.c"
Finished building: ../freedom-e-sdk/libwrap/sys/openat.c
 
Building file: ../freedom-e-sdk/libwrap/sys/read.c
Invoking: Cross GCC Compiler
riscv64-unknown-elf-gcc -DDONT_USE_PLIC -DDONT_USE_M_TIME -I"/home/taka/RISCV/FreeRTOS/FreeRTOS/FreeRTOS/Demo/RISC-V-Qemu-sifive_e-Eclipse-GCC" -I"/home/taka/RISCV/FreeRTOS/FreeRTOS/FreeRTOS/Demo/Common/include" -I"/home/taka/RISCV/FreeRTOS/FreeRTOS/FreeRTOS/Demo/RISC-V-Qemu-sifive_e-Eclipse-GCC/freedom-e-sdk/env" -I"/home/taka/RISCV/FreeRTOS/FreeRTOS/FreeRTOS/Demo/RISC-V-Qemu-sifive_e-Eclipse-GCC/freedom-e-sdk/include" -I"/home/taka/RISCV/FreeRTOS/FreeRTOS/FreeRTOS/Demo/RISC-V-Qemu-sifive_e-Eclipse-GCC/freedom-e-sdk/env/freedom-e300-hifive1" -I"/home/taka/RISCV/FreeRTOS/FreeRTOS/FreeRTOS/Source/include" -I"/home/taka/RISCV/FreeRTOS/FreeRTOS/FreeRTOS/Source/portable/GCC/RISC-V" -O0 -g3 -Wall -Wextra -c -fmessage-length=0 -march=rv32imac -mabi=ilp32 -mcmodel=medlow -ffunction-sections -fdata-sections --specs=nano.specs -fno-builtin-printf  -Wno-unused-parameter -MMD -MP -MF"freedom-e-sdk/libwrap/sys/read.d" -MT"freedom-e-sdk/libwrap/sys/read.o" -o "freedom-e-sdk/libwrap/sys/read.o" "../freedom-e-sdk/libwrap/sys/read.c"
Finished building: ../freedom-e-sdk/libwrap/sys/puts.c
 
Building file: ../freedom-e-sdk/libwrap/sys/sbrk.c
Invoking: Cross GCC Compiler
riscv64-unknown-elf-gcc -DDONT_USE_PLIC -DDONT_USE_M_TIME -I"/home/taka/RISCV/FreeRTOS/FreeRTOS/FreeRTOS/Demo/RISC-V-Qemu-sifive_e-Eclipse-GCC" -I"/home/taka/RISCV/FreeRTOS/FreeRTOS/FreeRTOS/Demo/Common/include" -I"/home/taka/RISCV/FreeRTOS/FreeRTOS/FreeRTOS/Demo/RISC-V-Qemu-sifive_e-Eclipse-GCC/freedom-e-sdk/env" -I"/home/taka/RISCV/FreeRTOS/FreeRTOS/FreeRTOS/Demo/RISC-V-Qemu-sifive_e-Eclipse-GCC/freedom-e-sdk/include" -I"/home/taka/RISCV/FreeRTOS/FreeRTOS/FreeRTOS/Demo/RISC-V-Qemu-sifive_e-Eclipse-GCC/freedom-e-sdk/env/freedom-e300-hifive1" -I"/home/taka/RISCV/FreeRTOS/FreeRTOS/FreeRTOS/Source/include" -I"/home/taka/RISCV/FreeRTOS/FreeRTOS/FreeRTOS/Source/portable/GCC/RISC-V" -O0 -g3 -Wall -Wextra -c -fmessage-length=0 -march=rv32imac -mabi=ilp32 -mcmodel=medlow -ffunction-sections -fdata-sections --specs=nano.specs -fno-builtin-printf  -Wno-unused-parameter -MMD -MP -MF"freedom-e-sdk/libwrap/sys/sbrk.d" -MT"freedom-e-sdk/libwrap/sys/sbrk.o" -o "freedom-e-sdk/libwrap/sys/sbrk.o" "../freedom-e-sdk/libwrap/sys/sbrk.c"
Finished building: ../freedom-e-sdk/libwrap/sys/read.c
 
Building file: ../freedom-e-sdk/libwrap/sys/stat.c
Invoking: Cross GCC Compiler
riscv64-unknown-elf-gcc -DDONT_USE_PLIC -DDONT_USE_M_TIME -I"/home/taka/RISCV/FreeRTOS/FreeRTOS/FreeRTOS/Demo/RISC-V-Qemu-sifive_e-Eclipse-GCC" -I"/home/taka/RISCV/FreeRTOS/FreeRTOS/FreeRTOS/Demo/Common/include" -I"/home/taka/RISCV/FreeRTOS/FreeRTOS/FreeRTOS/Demo/RISC-V-Qemu-sifive_e-Eclipse-GCC/freedom-e-sdk/env" -I"/home/taka/RISCV/FreeRTOS/FreeRTOS/FreeRTOS/Demo/RISC-V-Qemu-sifive_e-Eclipse-GCC/freedom-e-sdk/include" -I"/home/taka/RISCV/FreeRTOS/FreeRTOS/FreeRTOS/Demo/RISC-V-Qemu-sifive_e-Eclipse-GCC/freedom-e-sdk/env/freedom-e300-hifive1" -I"/home/taka/RISCV/FreeRTOS/FreeRTOS/FreeRTOS/Source/include" -I"/home/taka/RISCV/FreeRTOS/FreeRTOS/FreeRTOS/Source/portable/GCC/RISC-V" -O0 -g3 -Wall -Wextra -c -fmessage-length=0 -march=rv32imac -mabi=ilp32 -mcmodel=medlow -ffunction-sections -fdata-sections --specs=nano.specs -fno-builtin-printf  -Wno-unused-parameter -MMD -MP -MF"freedom-e-sdk/libwrap/sys/stat.d" -MT"freedom-e-sdk/libwrap/sys/stat.o" -o "freedom-e-sdk/libwrap/sys/stat.o" "../freedom-e-sdk/libwrap/sys/stat.c"
Finished building: ../freedom-e-sdk/libwrap/sys/sbrk.c
 
Building file: ../freedom-e-sdk/libwrap/sys/times.c
Invoking: Cross GCC Compiler
riscv64-unknown-elf-gcc -DDONT_USE_PLIC -DDONT_USE_M_TIME -I"/home/taka/RISCV/FreeRTOS/FreeRTOS/FreeRTOS/Demo/RISC-V-Qemu-sifive_e-Eclipse-GCC" -I"/home/taka/RISCV/FreeRTOS/FreeRTOS/FreeRTOS/Demo/Common/include" -I"/home/taka/RISCV/FreeRTOS/FreeRTOS/FreeRTOS/Demo/RISC-V-Qemu-sifive_e-Eclipse-GCC/freedom-e-sdk/env" -I"/home/taka/RISCV/FreeRTOS/FreeRTOS/FreeRTOS/Demo/RISC-V-Qemu-sifive_e-Eclipse-GCC/freedom-e-sdk/include" -I"/home/taka/RISCV/FreeRTOS/FreeRTOS/FreeRTOS/Demo/RISC-V-Qemu-sifive_e-Eclipse-GCC/freedom-e-sdk/env/freedom-e300-hifive1" -I"/home/taka/RISCV/FreeRTOS/FreeRTOS/FreeRTOS/Source/include" -I"/home/taka/RISCV/FreeRTOS/FreeRTOS/FreeRTOS/Source/portable/GCC/RISC-V" -O0 -g3 -Wall -Wextra -c -fmessage-length=0 -march=rv32imac -mabi=ilp32 -mcmodel=medlow -ffunction-sections -fdata-sections --specs=nano.specs -fno-builtin-printf  -Wno-unused-parameter -MMD -MP -MF"freedom-e-sdk/libwrap/sys/times.d" -MT"freedom-e-sdk/libwrap/sys/times.o" -o "freedom-e-sdk/libwrap/sys/times.o" "../freedom-e-sdk/libwrap/sys/times.c"
Finished building: ../freedom-e-sdk/libwrap/sys/stat.c
 
Building file: ../freedom-e-sdk/libwrap/sys/unlink.c
Invoking: Cross GCC Compiler
riscv64-unknown-elf-gcc -DDONT_USE_PLIC -DDONT_USE_M_TIME -I"/home/taka/RISCV/FreeRTOS/FreeRTOS/FreeRTOS/Demo/RISC-V-Qemu-sifive_e-Eclipse-GCC" -I"/home/taka/RISCV/FreeRTOS/FreeRTOS/FreeRTOS/Demo/Common/include" -I"/home/taka/RISCV/FreeRTOS/FreeRTOS/FreeRTOS/Demo/RISC-V-Qemu-sifive_e-Eclipse-GCC/freedom-e-sdk/env" -I"/home/taka/RISCV/FreeRTOS/FreeRTOS/FreeRTOS/Demo/RISC-V-Qemu-sifive_e-Eclipse-GCC/freedom-e-sdk/include" -I"/home/taka/RISCV/FreeRTOS/FreeRTOS/FreeRTOS/Demo/RISC-V-Qemu-sifive_e-Eclipse-GCC/freedom-e-sdk/env/freedom-e300-hifive1" -I"/home/taka/RISCV/FreeRTOS/FreeRTOS/FreeRTOS/Source/include" -I"/home/taka/RISCV/FreeRTOS/FreeRTOS/FreeRTOS/Source/portable/GCC/RISC-V" -O0 -g3 -Wall -Wextra -c -fmessage-length=0 -march=rv32imac -mabi=ilp32 -mcmodel=medlow -ffunction-sections -fdata-sections --specs=nano.specs -fno-builtin-printf  -Wno-unused-parameter -MMD -MP -MF"freedom-e-sdk/libwrap/sys/unlink.d" -MT"freedom-e-sdk/libwrap/sys/unlink.o" -o "freedom-e-sdk/libwrap/sys/unlink.o" "../freedom-e-sdk/libwrap/sys/unlink.c"
Finished building: ../freedom-e-sdk/libwrap/sys/times.c
 
Finished building: ../freedom-e-sdk/libwrap/sys/unlink.c
Building file: ../freedom-e-sdk/libwrap/sys/wait.c
 
Invoking: Cross GCC Compiler
riscv64-unknown-elf-gcc -DDONT_USE_PLIC -DDONT_USE_M_TIME -I"/home/taka/RISCV/FreeRTOS/FreeRTOS/FreeRTOS/Demo/RISC-V-Qemu-sifive_e-Eclipse-GCC" -I"/home/taka/RISCV/FreeRTOS/FreeRTOS/FreeRTOS/Demo/Common/include" -I"/home/taka/RISCV/FreeRTOS/FreeRTOS/FreeRTOS/Demo/RISC-V-Qemu-sifive_e-Eclipse-GCC/freedom-e-sdk/env" -I"/home/taka/RISCV/FreeRTOS/FreeRTOS/FreeRTOS/Demo/RISC-V-Qemu-sifive_e-Eclipse-GCC/freedom-e-sdk/include" -I"/home/taka/RISCV/FreeRTOS/FreeRTOS/FreeRTOS/Demo/RISC-V-Qemu-sifive_e-Eclipse-GCC/freedom-e-sdk/env/freedom-e300-hifive1" -I"/home/taka/RISCV/FreeRTOS/FreeRTOS/FreeRTOS/Source/include" -I"/home/taka/RISCV/FreeRTOS/FreeRTOS/FreeRTOS/Source/portable/GCC/RISC-V" -O0 -g3 -Wall -Wextra -c -fmessage-length=0 -march=rv32imac -mabi=ilp32 -mcmodel=medlow -ffunction-sections -fdata-sections --specs=nano.specs -fno-builtin-printf  -Wno-unused-parameter -MMD -MP -MF"freedom-e-sdk/libwrap/sys/wait.d" -MT"freedom-e-sdk/libwrap/sys/wait.o" -o "freedom-e-sdk/libwrap/sys/wait.o" "../freedom-e-sdk/libwrap/sys/wait.c"
Building file: ../freedom-e-sdk/libwrap/sys/write.c
Invoking: Cross GCC Compiler
riscv64-unknown-elf-gcc -DDONT_USE_PLIC -DDONT_USE_M_TIME -I"/home/taka/RISCV/FreeRTOS/FreeRTOS/FreeRTOS/Demo/RISC-V-Qemu-sifive_e-Eclipse-GCC" -I"/home/taka/RISCV/FreeRTOS/FreeRTOS/FreeRTOS/Demo/Common/include" -I"/home/taka/RISCV/FreeRTOS/FreeRTOS/FreeRTOS/Demo/RISC-V-Qemu-sifive_e-Eclipse-GCC/freedom-e-sdk/env" -I"/home/taka/RISCV/FreeRTOS/FreeRTOS/FreeRTOS/Demo/RISC-V-Qemu-sifive_e-Eclipse-GCC/freedom-e-sdk/include" -I"/home/taka/RISCV/FreeRTOS/FreeRTOS/FreeRTOS/Demo/RISC-V-Qemu-sifive_e-Eclipse-GCC/freedom-e-sdk/env/freedom-e300-hifive1" -I"/home/taka/RISCV/FreeRTOS/FreeRTOS/FreeRTOS/Source/include" -I"/home/taka/RISCV/FreeRTOS/FreeRTOS/FreeRTOS/Source/portable/GCC/RISC-V" -O0 -g3 -Wall -Wextra -c -fmessage-length=0 -march=rv32imac -mabi=ilp32 -mcmodel=medlow -ffunction-sections -fdata-sections --specs=nano.specs -fno-builtin-printf  -Wno-unused-parameter -MMD -MP -MF"freedom-e-sdk/libwrap/sys/write.d" -MT"freedom-e-sdk/libwrap/sys/write.o" -o "freedom-e-sdk/libwrap/sys/write.o" "../freedom-e-sdk/libwrap/sys/write.c"
Finished building: ../freedom-e-sdk/libwrap/sys/wait.c
 
Building file: ../freedom-e-sdk/libwrap/stdlib/malloc.c
Invoking: Cross GCC Compiler
riscv64-unknown-elf-gcc -DDONT_USE_PLIC -DDONT_USE_M_TIME -I"/home/taka/RISCV/FreeRTOS/FreeRTOS/FreeRTOS/Demo/RISC-V-Qemu-sifive_e-Eclipse-GCC" -I"/home/taka/RISCV/FreeRTOS/FreeRTOS/FreeRTOS/Demo/Common/include" -I"/home/taka/RISCV/FreeRTOS/FreeRTOS/FreeRTOS/Demo/RISC-V-Qemu-sifive_e-Eclipse-GCC/freedom-e-sdk/env" -I"/home/taka/RISCV/FreeRTOS/FreeRTOS/FreeRTOS/Demo/RISC-V-Qemu-sifive_e-Eclipse-GCC/freedom-e-sdk/include" -I"/home/taka/RISCV/FreeRTOS/FreeRTOS/FreeRTOS/Demo/RISC-V-Qemu-sifive_e-Eclipse-GCC/freedom-e-sdk/env/freedom-e300-hifive1" -I"/home/taka/RISCV/FreeRTOS/FreeRTOS/FreeRTOS/Source/include" -I"/home/taka/RISCV/FreeRTOS/FreeRTOS/FreeRTOS/Source/portable/GCC/RISC-V" -O0 -g3 -Wall -Wextra -c -fmessage-length=0 -march=rv32imac -mabi=ilp32 -mcmodel=medlow -ffunction-sections -fdata-sections --specs=nano.specs -fno-builtin-printf  -Wno-unused-parameter -MMD -MP -MF"freedom-e-sdk/libwrap/stdlib/malloc.d" -MT"freedom-e-sdk/libwrap/stdlib/malloc.o" -o "freedom-e-sdk/libwrap/stdlib/malloc.o" "../freedom-e-sdk/libwrap/stdlib/malloc.c"
Finished building: ../freedom-e-sdk/libwrap/sys/write.c
 
Building file: ../freedom-e-sdk/libwrap/misc/write_hex.c
Finished building: ../freedom-e-sdk/libwrap/stdlib/malloc.c
Invoking: Cross GCC Compiler
 
riscv64-unknown-elf-gcc -DDONT_USE_PLIC -DDONT_USE_M_TIME -I"/home/taka/RISCV/FreeRTOS/FreeRTOS/FreeRTOS/Demo/RISC-V-Qemu-sifive_e-Eclipse-GCC" -I"/home/taka/RISCV/FreeRTOS/FreeRTOS/FreeRTOS/Demo/Common/include" -I"/home/taka/RISCV/FreeRTOS/FreeRTOS/FreeRTOS/Demo/RISC-V-Qemu-sifive_e-Eclipse-GCC/freedom-e-sdk/env" -I"/home/taka/RISCV/FreeRTOS/FreeRTOS/FreeRTOS/Demo/RISC-V-Qemu-sifive_e-Eclipse-GCC/freedom-e-sdk/include" -I"/home/taka/RISCV/FreeRTOS/FreeRTOS/FreeRTOS/Demo/RISC-V-Qemu-sifive_e-Eclipse-GCC/freedom-e-sdk/env/freedom-e300-hifive1" -I"/home/taka/RISCV/FreeRTOS/FreeRTOS/FreeRTOS/Source/include" -I"/home/taka/RISCV/FreeRTOS/FreeRTOS/FreeRTOS/Source/portable/GCC/RISC-V" -O0 -g3 -Wall -Wextra -c -fmessage-length=0 -march=rv32imac -mabi=ilp32 -mcmodel=medlow -ffunction-sections -fdata-sections --specs=nano.specs -fno-builtin-printf  -Wno-unused-parameter -MMD -MP -MF"freedom-e-sdk/libwrap/misc/write_hex.d" -MT"freedom-e-sdk/libwrap/misc/write_hex.o" -o "freedom-e-sdk/libwrap/misc/write_hex.o" "../freedom-e-sdk/libwrap/misc/write_hex.c"
Building file: ../freedom-e-sdk/env/freedom-e300-hifive1/init.c
Invoking: Cross GCC Compiler
riscv64-unknown-elf-gcc -DDONT_USE_PLIC -DDONT_USE_M_TIME -I"/home/taka/RISCV/FreeRTOS/FreeRTOS/FreeRTOS/Demo/RISC-V-Qemu-sifive_e-Eclipse-GCC" -I"/home/taka/RISCV/FreeRTOS/FreeRTOS/FreeRTOS/Demo/Common/include" -I"/home/taka/RISCV/FreeRTOS/FreeRTOS/FreeRTOS/Demo/RISC-V-Qemu-sifive_e-Eclipse-GCC/freedom-e-sdk/env" -I"/home/taka/RISCV/FreeRTOS/FreeRTOS/FreeRTOS/Demo/RISC-V-Qemu-sifive_e-Eclipse-GCC/freedom-e-sdk/include" -I"/home/taka/RISCV/FreeRTOS/FreeRTOS/FreeRTOS/Demo/RISC-V-Qemu-sifive_e-Eclipse-GCC/freedom-e-sdk/env/freedom-e300-hifive1" -I"/home/taka/RISCV/FreeRTOS/FreeRTOS/FreeRTOS/Source/include" -I"/home/taka/RISCV/FreeRTOS/FreeRTOS/FreeRTOS/Source/portable/GCC/RISC-V" -O0 -g3 -Wall -Wextra -c -fmessage-length=0 -march=rv32imac -mabi=ilp32 -mcmodel=medlow -ffunction-sections -fdata-sections --specs=nano.specs -fno-builtin-printf  -Wno-unused-parameter -MMD -MP -MF"freedom-e-sdk/env/freedom-e300-hifive1/init.d" -MT"freedom-e-sdk/env/freedom-e300-hifive1/init.o" -o "freedom-e-sdk/env/freedom-e300-hifive1/init.o" "../freedom-e-sdk/env/freedom-e300-hifive1/init.c"
Finished building: ../freedom-e-sdk/libwrap/misc/write_hex.c
 
Building file: ../freedom-e-sdk/env/entry.S
Invoking: Cross GCC Assembler
riscv64-unknown-elf-gcc -march=rv32imac -mabi=ilp32 -mcmodel=medlow -c -DportasmHANDLE_INTERRUPT=handle_trap -g3 -I"/home/taka/RISCV/FreeRTOS/FreeRTOS/FreeRTOS/Source/portable/GCC/RISC-V/chip_specific_extensions/RV32I_CLINT_no_extensions" -I"/home/taka/RISCV/FreeRTOS/FreeRTOS/FreeRTOS/Demo/RISC-V-Qemu-sifive_e-Eclipse-GCC/freedom-e-sdk/include" -o "freedom-e-sdk/env/entry.o" "../freedom-e-sdk/env/entry.S"
Finished building: ../freedom-e-sdk/env/freedom-e300-hifive1/init.c
 
Building file: ../freedom-e-sdk/env/start.S
Finished building: ../freedom-e-sdk/env/entry.S
Invoking: Cross GCC Assembler
riscv64-unknown-elf-gcc -march=rv32imac -mabi=ilp32 -mcmodel=medlow -c -DportasmHANDLE_INTERRUPT=handle_trap -g3 -I"/home/taka/RISCV/FreeRTOS/FreeRTOS/FreeRTOS/Source/portable/GCC/RISC-V/chip_specific_extensions/RV32I_CLINT_no_extensions" -I"/home/taka/RISCV/FreeRTOS/FreeRTOS/FreeRTOS/Demo/RISC-V-Qemu-sifive_e-Eclipse-GCC/freedom-e-sdk/include" -o "freedom-e-sdk/env/start.o" "../freedom-e-sdk/env/start.S"
 
Building file: ../blinky_demo/main_blinky.c
Invoking: Cross GCC Compiler
riscv64-unknown-elf-gcc -DDONT_USE_PLIC -DDONT_USE_M_TIME -I"/home/taka/RISCV/FreeRTOS/FreeRTOS/FreeRTOS/Demo/RISC-V-Qemu-sifive_e-Eclipse-GCC" -I"/home/taka/RISCV/FreeRTOS/FreeRTOS/FreeRTOS/Demo/Common/include" -I"/home/taka/RISCV/FreeRTOS/FreeRTOS/FreeRTOS/Demo/RISC-V-Qemu-sifive_e-Eclipse-GCC/freedom-e-sdk/env" -I"/home/taka/RISCV/FreeRTOS/FreeRTOS/FreeRTOS/Demo/RISC-V-Qemu-sifive_e-Eclipse-GCC/freedom-e-sdk/include" -I"/home/taka/RISCV/FreeRTOS/FreeRTOS/FreeRTOS/Demo/RISC-V-Qemu-sifive_e-Eclipse-GCC/freedom-e-sdk/env/freedom-e300-hifive1" -I"/home/taka/RISCV/FreeRTOS/FreeRTOS/FreeRTOS/Source/include" -I"/home/taka/RISCV/FreeRTOS/FreeRTOS/FreeRTOS/Source/portable/GCC/RISC-V" -O0 -g3 -Wall -Wextra -c -fmessage-length=0 -march=rv32imac -mabi=ilp32 -mcmodel=medlow -ffunction-sections -fdata-sections --specs=nano.specs -fno-builtin-printf  -Wno-unused-parameter -MMD -MP -MF"blinky_demo/main_blinky.d" -MT"blinky_demo/main_blinky.o" -o "blinky_demo/main_blinky.o" "../blinky_demo/main_blinky.c"
Finished building: ../freedom-e-sdk/env/start.S
 
Building file: ../main.c
Invoking: Cross GCC Compiler
riscv64-unknown-elf-gcc -DDONT_USE_PLIC -DDONT_USE_M_TIME -I"/home/taka/RISCV/FreeRTOS/FreeRTOS/FreeRTOS/Demo/RISC-V-Qemu-sifive_e-Eclipse-GCC" -I"/home/taka/RISCV/FreeRTOS/FreeRTOS/FreeRTOS/Demo/Common/include" -I"/home/taka/RISCV/FreeRTOS/FreeRTOS/FreeRTOS/Demo/RISC-V-Qemu-sifive_e-Eclipse-GCC/freedom-e-sdk/env" -I"/home/taka/RISCV/FreeRTOS/FreeRTOS/FreeRTOS/Demo/RISC-V-Qemu-sifive_e-Eclipse-GCC/freedom-e-sdk/include" -I"/home/taka/RISCV/FreeRTOS/FreeRTOS/FreeRTOS/Demo/RISC-V-Qemu-sifive_e-Eclipse-GCC/freedom-e-sdk/env/freedom-e300-hifive1" -I"/home/taka/RISCV/FreeRTOS/FreeRTOS/FreeRTOS/Source/include" -I"/home/taka/RISCV/FreeRTOS/FreeRTOS/FreeRTOS/Source/portable/GCC/RISC-V" -O0 -g3 -Wall -Wextra -c -fmessage-length=0 -march=rv32imac -mabi=ilp32 -mcmodel=medlow -ffunction-sections -fdata-sections --specs=nano.specs -fno-builtin-printf  -Wno-unused-parameter -MMD -MP -MF"main.d" -MT"main.o" -o "main.o" "../main.c"
Finished building: ../blinky_demo/main_blinky.c
 
Finished building: ../main.c
 
Building target: RTOSDemo.elf
Invoking: Cross GCC Linker
riscv64-unknown-elf-gcc -nostartfiles --specs=nano.specs -Xlinker --gc-sections -Wl,-Map,RTOSDemo.map -T../freedom-e-sdk/env/freedom-e300-hifive1/flash.lds -march=rv32imac -mabi=ilp32 -mcmodel=medlow -Xlinker --defsym=__stack_size=350 -Wl,--start-group -Wl,--end-group -Wl,--wrap=malloc -Wl,--wrap=free -Wl,--wrap=open -Wl,--wrap=lseek -Wl,--wrap=read -Wl,--wrap=write -Wl,--wrap=fstat -Wl,--wrap=stat -Wl,--wrap=close -Wl,--wrap=link -Wl,--wrap=unlink -Wl,--wrap=execve -Wl,--wrap=fork -Wl,--wrap=getpid -Wl,--wrap=kill -Wl,--wrap=wait -Wl,--wrap=isatty -Wl,--wrap=times -Wl,--wrap=sbrk -Wl,--wrap=_exit -Wl,--wrap=puts -Wl,--wrap=_malloc -Wl,--wrap=_free -Wl,--wrap=_open -Wl,--wrap=_lseek -Wl,--wrap=_read -Wl,--wrap=_write -Wl,--wrap=_fstat -Wl,--wrap=_stat -Wl,--wrap=_close -Wl,--wrap=_link -Wl,--wrap=_unlink -Wl,--wrap=_execve -Wl,--wrap=_fork -Wl,--wrap=_getpid -Wl,--wrap=_kill -Wl,--wrap=_wait -Wl,--wrap=_isatty -Wl,--wrap=_times -Wl,--wrap=_sbrk -Wl,--wrap=__exit -Wl,--wrap=_puts -o "RTOSDemo.elf"  ./full_demo/standard_demo_tasks/EventGroupsDemo.o ./full_demo/standard_demo_tasks/TaskNotify.o ./full_demo/standard_demo_tasks/TimerDemo.o ./full_demo/standard_demo_tasks/blocktim.o ./full_demo/standard_demo_tasks/dynamic.o ./full_demo/standard_demo_tasks/recmutex.o  ./full_demo/RegTest.o ./full_demo/main_full.o  ./freertos_source/portable/MemMang/heap_4.o  ./freertos_source/portable/GCC/RISC-V/port.o ./freertos_source/portable/GCC/RISC-V/portASM.o  ./freertos_source/event_groups.o ./freertos_source/list.o ./freertos_source/queue.o ./freertos_source/stream_buffer.o ./freertos_source/tasks.o ./freertos_source/timers.o  ./freedom-e-sdk/libwrap/sys/_exit.o ./freedom-e-sdk/libwrap/sys/close.o ./freedom-e-sdk/libwrap/sys/execve.o ./freedom-e-sdk/libwrap/sys/fork.o ./freedom-e-sdk/libwrap/sys/fstat.o ./freedom-e-sdk/libwrap/sys/getpid.o ./freedom-e-sdk/libwrap/sys/isatty.o ./freedom-e-sdk/libwrap/sys/kill.o ./freedom-e-sdk/libwrap/sys/link.o ./freedom-e-sdk/libwrap/sys/lseek.o ./freedom-e-sdk/libwrap/sys/open.o ./freedom-e-sdk/libwrap/sys/openat.o ./freedom-e-sdk/libwrap/sys/puts.o ./freedom-e-sdk/libwrap/sys/read.o ./freedom-e-sdk/libwrap/sys/sbrk.o ./freedom-e-sdk/libwrap/sys/stat.o ./freedom-e-sdk/libwrap/sys/times.o ./freedom-e-sdk/libwrap/sys/unlink.o ./freedom-e-sdk/libwrap/sys/wait.o ./freedom-e-sdk/libwrap/sys/write.o  ./freedom-e-sdk/libwrap/stdlib/malloc.o  ./freedom-e-sdk/libwrap/misc/write_hex.o  ./freedom-e-sdk/env/freedom-e300-hifive1/init.o  ./freedom-e-sdk/env/entry.o ./freedom-e-sdk/env/start.o  ./blinky_demo/main_blinky.o  ./main.o   
/usr/local/lib/gcc/riscv64-unknown-elf/10.1.0/../../../../riscv64-unknown-elf/bin/ld: /usr/local/lib/gcc/riscv64-unknown-elf/10.1.0/../../../../riscv64-unknown-elf/lib/libc_nano.a(lib_a-atexit.o): ABI is incompatible with that of the selected emulation:
  target emulation `elf64-littleriscv' does not match `elf32-littleriscv'
/usr/local/lib/gcc/riscv64-unknown-elf/10.1.0/../../../../riscv64-unknown-elf/bin/ld: failed to merge target specific data of file /usr/local/lib/gcc/riscv64-unknown-elf/10.1.0/../../../../riscv64-unknown-elf/lib/libc_nano.a(lib_a-atexit.o)
/usr/local/lib/gcc/riscv64-unknown-elf/10.1.0/../../../../riscv64-unknown-elf/bin/ld: /usr/local/lib/gcc/riscv64-unknown-elf/10.1.0/../../../../riscv64-unknown-elf/lib/libc_nano.a(lib_a-exit.o): ABI is incompatible with that of the selected emulation:
  target emulation `elf64-littleriscv' does not match `elf32-littleriscv'
/usr/local/lib/gcc/riscv64-unknown-elf/10.1.0/../../../../riscv64-unknown-elf/bin/ld: failed to merge target specific data of file /usr/local/lib/gcc/riscv64-unknown-elf/10.1.0/../../../../riscv64-unknown-elf/lib/libc_nano.a(lib_a-exit.o)
/usr/local/lib/gcc/riscv64-unknown-elf/10.1.0/../../../../riscv64-unknown-elf/bin/ld: /usr/local/lib/gcc/riscv64-unknown-elf/10.1.0/../../../../riscv64-unknown-elf/lib/libc_nano.a(lib_a-fini.o): ABI is incompatible with that of the selected emulation:
  target emulation `elf64-littleriscv' does not match `elf32-littleriscv'
/usr/local/lib/gcc/riscv64-unknown-elf/10.1.0/../../../../riscv64-unknown-elf/bin/ld: failed to merge target specific data of file /usr/local/lib/gcc/riscv64-unknown-elf/10.1.0/../../../../riscv64-unknown-elf/lib/libc_nano.a(lib_a-fini.o)
/usr/local/lib/gcc/riscv64-unknown-elf/10.1.0/../../../../riscv64-unknown-elf/bin/ld: /usr/local/lib/gcc/riscv64-unknown-elf/10.1.0/../../../../riscv64-unknown-elf/lib/libc_nano.a(lib_a-impure.o): ABI is incompatible with that of the selected emulation:
  target emulation `elf64-littleriscv' does not match `elf32-littleriscv'
/usr/local/lib/gcc/riscv64-unknown-elf/10.1.0/../../../../riscv64-unknown-elf/bin/ld: failed to merge target specific data of file /usr/local/lib/gcc/riscv64-unknown-elf/10.1.0/../../../../riscv64-unknown-elf/lib/libc_nano.a(lib_a-impure.o)
/usr/local/lib/gcc/riscv64-unknown-elf/10.1.0/../../../../riscv64-unknown-elf/bin/ld: /usr/local/lib/gcc/riscv64-unknown-elf/10.1.0/../../../../riscv64-unknown-elf/lib/libc_nano.a(lib_a-init.o): ABI is incompatible with that of the selected emulation:
  target emulation `elf64-littleriscv' does not match `elf32-littleriscv'
/usr/local/lib/gcc/riscv64-unknown-elf/10.1.0/../../../../riscv64-unknown-elf/bin/ld: failed to merge target specific data of file /usr/local/lib/gcc/riscv64-unknown-elf/10.1.0/../../../../riscv64-unknown-elf/lib/libc_nano.a(lib_a-init.o)
/usr/local/lib/gcc/riscv64-unknown-elf/10.1.0/../../../../riscv64-unknown-elf/bin/ld: /usr/local/lib/gcc/riscv64-unknown-elf/10.1.0/../../../../riscv64-unknown-elf/lib/libc_nano.a(lib_a-memcpy-asm.o): ABI is incompatible with that of the selected emulation:
  target emulation `elf64-littleriscv' does not match `elf32-littleriscv'
/usr/local/lib/gcc/riscv64-unknown-elf/10.1.0/../../../../riscv64-unknown-elf/bin/ld: failed to merge target specific data of file /usr/local/lib/gcc/riscv64-unknown-elf/10.1.0/../../../../riscv64-unknown-elf/lib/libc_nano.a(lib_a-memcpy-asm.o)
/usr/local/lib/gcc/riscv64-unknown-elf/10.1.0/../../../../riscv64-unknown-elf/bin/ld: /usr/local/lib/gcc/riscv64-unknown-elf/10.1.0/../../../../riscv64-unknown-elf/lib/libc_nano.a(lib_a-memset.o): ABI is incompatible with that of the selected emulation:
  target emulation `elf64-littleriscv' does not match `elf32-littleriscv'
/usr/local/lib/gcc/riscv64-unknown-elf/10.1.0/../../../../riscv64-unknown-elf/bin/ld: failed to merge target specific data of file /usr/local/lib/gcc/riscv64-unknown-elf/10.1.0/../../../../riscv64-unknown-elf/lib/libc_nano.a(lib_a-memset.o)
/usr/local/lib/gcc/riscv64-unknown-elf/10.1.0/../../../../riscv64-unknown-elf/bin/ld: /usr/local/lib/gcc/riscv64-unknown-elf/10.1.0/../../../../riscv64-unknown-elf/lib/libc_nano.a(lib_a-strcmp.o): ABI is incompatible with that of the selected emulation:
  target emulation `elf64-littleriscv' does not match `elf32-littleriscv'
/usr/local/lib/gcc/riscv64-unknown-elf/10.1.0/../../../../riscv64-unknown-elf/bin/ld: failed to merge target specific data of file /usr/local/lib/gcc/riscv64-unknown-elf/10.1.0/../../../../riscv64-unknown-elf/lib/libc_nano.a(lib_a-strcmp.o)
/usr/local/lib/gcc/riscv64-unknown-elf/10.1.0/../../../../riscv64-unknown-elf/bin/ld: /usr/local/lib/gcc/riscv64-unknown-elf/10.1.0/../../../../riscv64-unknown-elf/lib/libc_nano.a(lib_a-strlen.o): ABI is incompatible with that of the selected emulation:
  target emulation `elf64-littleriscv' does not match `elf32-littleriscv'
/usr/local/lib/gcc/riscv64-unknown-elf/10.1.0/../../../../riscv64-unknown-elf/bin/ld: failed to merge target specific data of file /usr/local/lib/gcc/riscv64-unknown-elf/10.1.0/../../../../riscv64-unknown-elf/lib/libc_nano.a(lib_a-strlen.o)
/usr/local/lib/gcc/riscv64-unknown-elf/10.1.0/../../../../riscv64-unknown-elf/bin/ld: /usr/local/lib/gcc/riscv64-unknown-elf/10.1.0/../../../../riscv64-unknown-elf/lib/libc_nano.a(lib_a-__atexit.o): ABI is incompatible with that of the selected emulation:
  target emulation `elf64-littleriscv' does not match `elf32-littleriscv'
/usr/local/lib/gcc/riscv64-unknown-elf/10.1.0/../../../../riscv64-unknown-elf/bin/ld: failed to merge target specific data of file /usr/local/lib/gcc/riscv64-unknown-elf/10.1.0/../../../../riscv64-unknown-elf/lib/libc_nano.a(lib_a-__atexit.o)
/usr/local/lib/gcc/riscv64-unknown-elf/10.1.0/../../../../riscv64-unknown-elf/bin/ld: /usr/local/lib/gcc/riscv64-unknown-elf/10.1.0/../../../../riscv64-unknown-elf/lib/libc_nano.a(lib_a-__call_atexit.o): ABI is incompatible with that of the selected emulation:
  target emulation `elf64-littleriscv' does not match `elf32-littleriscv'
/usr/local/lib/gcc/riscv64-unknown-elf/10.1.0/../../../../riscv64-unknown-elf/bin/ld: failed to merge target specific data of file /usr/local/lib/gcc/riscv64-unknown-elf/10.1.0/../../../../riscv64-unknown-elf/lib/libc_nano.a(lib_a-__call_atexit.o)
/usr/local/lib/gcc/riscv64-unknown-elf/10.1.0/../../../../riscv64-unknown-elf/bin/ld: ./freertos_source/tasks.o: in function `vTaskSwitchContext':
/home/taka/RISCV/FreeRTOS/FreeRTOS/FreeRTOS/Source/tasks.c:3062: undefined reference to `__clzsi2'
/usr/local/lib/gcc/riscv64-unknown-elf/10.1.0/../../../../riscv64-unknown-elf/bin/ld: RTOSDemo.elf(.text.atexit): relocation "__register_exitproc+0x0 (type R_RISCV_CALL)" goes out of range
/usr/local/lib/gcc/riscv64-unknown-elf/10.1.0/../../../../riscv64-unknown-elf/bin/ld: /usr/local/lib/gcc/riscv64-unknown-elf/10.1.0/../../../../riscv64-unknown-elf/lib/libc_nano.a(lib_a-atexit.o): file class ELFCLASS64 incompatible with ELFCLASS32
/usr/local/lib/gcc/riscv64-unknown-elf/10.1.0/../../../../riscv64-unknown-elf/bin/ld: final link failed: file in wrong format
collect2: error: ld returned 1 exit status
make: *** [makefile:42: RTOSDemo.elf] Error 1
"make -j2 all" terminated with exit code 2. Build might be incomplete.

23:02:38 Build Failed. 28 errors, 0 warnings. (took 1s.675ms)

