Flow report for mmRISC
Fri Aug 30 23:20:50 2024
Quartus Prime Version 23.1std.0 Build 991 11/28/2023 SC Lite Edition


---------------------
; Table of Contents ;
---------------------
  1. Legal Notice
  2. Flow Summary
  3. Flow Settings
  4. Flow Non-Default Global Settings
  5. Flow Elapsed Time
  6. Flow OS Summary
  7. Flow Log
  8. Flow Messages
  9. Flow Suppressed Messages



----------------
; Legal Notice ;
----------------
Copyright (C) 2023  Intel Corporation. All rights reserved.
Your use of Intel Corporation's design tools, logic functions 
and other software and tools, and any partner logic 
functions, and any output files from any of the foregoing 
(including device programming or simulation files), and any 
associated documentation or information are expressly subject 
to the terms and conditions of the Intel Program License 
Subscription Agreement, the Intel Quartus Prime License Agreement,
the Intel FPGA IP License Agreement, or other applicable license
agreement, including, without limitation, that your use is for
the sole purpose of programming logic devices manufactured by
Intel and sold by Intel or its authorized distributors.  Please
refer to the applicable agreement for further details, at
https://fpgasoftware.intel.com/eula.



+-------------------------------------------------------------------------------------+
; Flow Summary                                                                        ;
+------------------------------------+------------------------------------------------+
; Flow Status                        ; Successful - Fri Aug 30 23:20:50 2024          ;
; Quartus Prime Version              ; 23.1std.0 Build 991 11/28/2023 SC Lite Edition ;
; Revision Name                      ; mmRISC                                         ;
; Top-level Entity Name              ; CHIP_TOP_WRAP                                  ;
; Family                             ; MAX 10                                         ;
; Device                             ; 10M50DAF484C7G                                 ;
; Timing Models                      ; Final                                          ;
; Total logic elements               ; 43,190 / 49,760 ( 87 % )                       ;
;     Total combinational functions  ; 41,951 / 49,760 ( 84 % )                       ;
;     Dedicated logic registers      ; 9,865 / 49,760 ( 20 % )                        ;
; Total registers                    ; 9865                                           ;
; Total pins                         ; 167 / 360 ( 46 % )                             ;
; Total virtual pins                 ; 0                                              ;
; Total memory bits                  ; 1,442,816 / 1,677,312 ( 86 % )                 ;
; Embedded Multiplier 9-bit elements ; 40 / 288 ( 14 % )                              ;
; Total PLLs                         ; 1 / 4 ( 25 % )                                 ;
; UFM blocks                         ; 0 / 1 ( 0 % )                                  ;
; ADC blocks                         ; 0 / 2 ( 0 % )                                  ;
+------------------------------------+------------------------------------------------+


+-----------------------------------------+
; Flow Settings                           ;
+-------------------+---------------------+
; Option            ; Setting             ;
+-------------------+---------------------+
; Start date & time ; 08/30/2024 21:49:33 ;
; Main task         ; Compilation         ;
; Revision Name     ; mmRISC              ;
+-------------------+---------------------+


+---------------------------------------------------------------------------------------------------------------------------------------------------+
; Flow Non-Default Global Settings                                                                                                                  ;
+--------------------------------------+----------------------------------------+---------------+---------------+-----------------------------------+
; Assignment Name                      ; Value                                  ; Default Value ; Entity Name   ; Section Id                        ;
+--------------------------------------+----------------------------------------+---------------+---------------+-----------------------------------+
; COMPILER_SIGNATURE_ID                ; 121380906149.172502217308708           ; --            ; --            ; --                                ;
; EDA_GENERATE_FUNCTIONAL_NETLIST      ; Off                                    ; --            ; --            ; eda_board_design_timing           ;
; EDA_GENERATE_FUNCTIONAL_NETLIST      ; Off                                    ; --            ; --            ; eda_board_design_boundary_scan    ;
; EDA_GENERATE_FUNCTIONAL_NETLIST      ; Off                                    ; --            ; --            ; eda_board_design_signal_integrity ;
; EDA_GENERATE_FUNCTIONAL_NETLIST      ; Off                                    ; --            ; --            ; eda_board_design_symbol           ;
; EDA_NETLIST_WRITER_OUTPUT_DIR        ; simulation/modelsim                    ; --            ; --            ; eda_simulation                    ;
; EDA_OUTPUT_DATA_FORMAT               ; Verilog Hdl                            ; --            ; --            ; eda_simulation                    ;
; EDA_SIMULATION_TOOL                  ; Questa Intel FPGA (Verilog)            ; <None>        ; --            ; --                                ;
; EDA_TIME_SCALE                       ; 1 ps                                   ; --            ; --            ; eda_simulation                    ;
; FITTER_EFFORT                        ; Standard Fit                           ; Auto Fit      ; --            ; --                                ;
; MAX_CORE_JUNCTION_TEMP               ; 85                                     ; --            ; --            ; --                                ;
; MIN_CORE_JUNCTION_TEMP               ; 0                                      ; --            ; --            ; --                                ;
; MISC_FILE                            ; PLL_bb.v                               ; --            ; --            ; --                                ;
; MISC_FILE                            ; PLL.ppf                                ; --            ; --            ; --                                ;
; MISC_FILE                            ; RAM128KB_DP_bb.v                       ; --            ; --            ; --                                ;
; NUM_PARALLEL_PROCESSORS              ; 2                                      ; --            ; --            ; --                                ;
; OPTIMIZATION_MODE                    ; High Performance Effort                ; Balanced      ; --            ; --                                ;
; OUTPUT_IO_TIMING_FAR_END_VMEAS       ; Half Signal Swing                      ; --            ; --            ; --                                ;
; OUTPUT_IO_TIMING_FAR_END_VMEAS       ; Half Signal Swing                      ; --            ; --            ; --                                ;
; OUTPUT_IO_TIMING_NEAR_END_VMEAS      ; Half Vccio                             ; --            ; --            ; --                                ;
; OUTPUT_IO_TIMING_NEAR_END_VMEAS      ; Half Vccio                             ; --            ; --            ; --                                ;
; PARTITION_COLOR                      ; -- (Not supported for targeted family) ; --            ; CHIP_TOP_WRAP ; Top                               ;
; PARTITION_FITTER_PRESERVATION_LEVEL  ; -- (Not supported for targeted family) ; --            ; CHIP_TOP_WRAP ; Top                               ;
; PARTITION_NETLIST_TYPE               ; -- (Not supported for targeted family) ; --            ; CHIP_TOP_WRAP ; Top                               ;
; PHYSICAL_SYNTHESIS_COMBO_LOGIC       ; On                                     ; Off           ; --            ; --                                ;
; PHYSICAL_SYNTHESIS_REGISTER_RETIMING ; On                                     ; Off           ; --            ; --                                ;
; PLACEMENT_EFFORT_MULTIPLIER          ; 4.0                                    ; 1.0           ; --            ; --                                ;
; POWER_BOARD_THERMAL_MODEL            ; None (CONSERVATIVE)                    ; --            ; --            ; --                                ;
; POWER_PRESET_COOLING_SOLUTION        ; 23 MM HEAT SINK WITH 200 LFPM AIRFLOW  ; --            ; --            ; --                                ;
; PROJECT_OUTPUT_DIRECTORY             ; output_files                           ; --            ; --            ; --                                ;
; ROUTER_TIMING_OPTIMIZATION_LEVEL     ; MAXIMUM                                ; Normal        ; --            ; --                                ;
; SEARCH_PATH                          ; ../verilog/common                      ; --            ; --            ; --                                ;
; SEARCH_PATH                          ; ../verilog/i2c/i2c/trunk/rtl/verilog   ; --            ; --            ; --                                ;
; TOP_LEVEL_ENTITY                     ; CHIP_TOP_WRAP                          ; mmRISC        ; --            ; --                                ;
; VERILOG_INPUT_VERSION                ; SystemVerilog_2005                     ; Verilog_2001  ; --            ; --                                ;
; VERILOG_MACRO                        ; FPGA=<None>                            ; --            ; --            ; --                                ;
; VERILOG_MACRO                        ; den512Mb=<None>                        ; --            ; --            ; --                                ;
; VERILOG_MACRO                        ; sg75=<None>                            ; --            ; --            ; --                                ;
; VERILOG_MACRO                        ; x16=<None>                             ; --            ; --            ; --                                ;
; VERILOG_SHOW_LMF_MAPPING_MESSAGES    ; Off                                    ; --            ; --            ; --                                ;
+--------------------------------------+----------------------------------------+---------------+---------------+-----------------------------------+


+--------------------------------------------------------------------------------------------------------------------------+
; Flow Elapsed Time                                                                                                        ;
+----------------------+--------------+-------------------------+---------------------+------------------------------------+
; Module Name          ; Elapsed Time ; Average Processors Used ; Peak Virtual Memory ; Total CPU Time (on all processors) ;
+----------------------+--------------+-------------------------+---------------------+------------------------------------+
; Analysis & Synthesis ; 00:06:29     ; 1.0                     ; 13697 MB            ; 00:06:37                           ;
; Fitter               ; 01:23:12     ; 1.0                     ; 14545 MB            ; 01:32:53                           ;
; Assembler            ; 00:00:06     ; 1.0                     ; 13411 MB            ; 00:00:06                           ;
; Timing Analyzer      ; 00:01:00     ; 1.7                     ; 13745 MB            ; 00:01:41                           ;
; EDA Netlist Writer   ; 00:00:11     ; 1.0                     ; 13344 MB            ; 00:00:07                           ;
; Total                ; 01:30:58     ; --                      ; --                  ; 01:41:24                           ;
+----------------------+--------------+-------------------------+---------------------+------------------------------------+


+------------------------------------------------------------------------------------+
; Flow OS Summary                                                                    ;
+----------------------+------------------+------------+------------+----------------+
; Module Name          ; Machine Hostname ; OS Name    ; OS Version ; Processor type ;
+----------------------+------------------+------------+------------+----------------+
; Analysis & Synthesis ; ARM-Windows      ; Windows 10 ; 10.0       ; x86_64         ;
; Fitter               ; ARM-Windows      ; Windows 10 ; 10.0       ; x86_64         ;
; Assembler            ; ARM-Windows      ; Windows 10 ; 10.0       ; x86_64         ;
; Timing Analyzer      ; ARM-Windows      ; Windows 10 ; 10.0       ; x86_64         ;
; EDA Netlist Writer   ; ARM-Windows      ; Windows 10 ; 10.0       ; x86_64         ;
+----------------------+------------------+------------+------------+----------------+


------------
; Flow Log ;
------------
quartus_map --read_settings_files=on --write_settings_files=off mmRISC -c mmRISC
quartus_fit --read_settings_files=off --write_settings_files=off mmRISC -c mmRISC
quartus_asm --read_settings_files=off --write_settings_files=off mmRISC -c mmRISC
quartus_sta mmRISC -c mmRISC
quartus_eda --read_settings_files=off --write_settings_files=off mmRISC -c mmRISC



