IP Upgrade report for mmRISC
Thu Mar 14 17:09:40 2024
Quartus Prime Version 23.1std.0 Build 991 11/28/2023 SC Lite Edition


---------------------
; Table of Contents ;
---------------------
  1. Legal Notice
  2. IP Upgrade Summary
  3. Failed Upgrade IP Components
  4. IP Upgrade Messages



----------------
; Legal Notice ;
----------------
Copyright (C) 2023  Intel Corporation. All rights reserved.
Your use of Intel Corporation's design tools, logic functions 
and other software and tools, and any partner logic 
functions, and any output files from any of the foregoing 
(including device programming or simulation files), and any 
associated documentation or information are expressly subject 
to the terms and conditions of the Intel Program License 
Subscription Agreement, the Intel Quartus Prime License Agreement,
the Intel FPGA IP License Agreement, or other applicable license
agreement, including, without limitation, that your use is for
the sole purpose of programming logic devices manufactured by
Intel and sold by Intel or its authorized distributors.  Please
refer to the applicable agreement for further details, at
https://fpgasoftware.intel.com/eula.



+-------------------------------------------------------------------------------+
; IP Upgrade Summary                                                            ;
+------------------------------+------------------------------------------------+
; IP Components Upgrade Status ; Failed - Thu Mar 14 17:09:40 2024              ;
; Quartus Prime Version        ; 23.1std.0 Build 991 11/28/2023 SC Lite Edition ;
; Revision Name                ; mmRISC                                         ;
; Top-level Entity Name        ; CHIP_TOP_WRAP                                  ;
; Family                       ; MAX 10                                         ;
+------------------------------+------------------------------------------------+


+------------------------------------------------------------------------------------------------------------------------------------------------+
; Failed Upgrade IP Components                                                                                                                   ;
+-------------+----------------+---------+----------------------+----------------------+-----------------+---------------------------------------+
; Entity Name ; Component Name ; Version ; Original Source File ; Generation File Path ; New Source File ; Message                               ;
+-------------+----------------+---------+----------------------+----------------------+-----------------+---------------------------------------+
; PLL         ; ALTPLL         ; 22.1    ; PLL.qip              ; PLL.v                ;                 ; Error upgrading IP component "PLL.v". ;
+-------------+----------------+---------+----------------------+----------------------+-----------------+---------------------------------------+


+---------------------+
; IP Upgrade Messages ;
+---------------------+
Info (11902): Backing up file "PLL.v" to "PLL.BAK.v"
Info (11837): Started upgrading IP component ALTPLL with file "PLL.v"
Info (11904): Restoring file "PLL.BAK.v" to "PLL.v"
Error (14921): Error upgrading IP component "PLL.v".
Error (11133): IP component ALTPLL with file "PLL.v" upgrade failed
Error (11889): IP component upgrade failed
Error (23031): Evaluation of Tcl script c:/intelfpga_lite/23.1std/quartus/common/tcl/internal/ip_regen/ip_regen.tcl unsuccessful
Error: Quartus Prime Shell was unsuccessful. 4 errors, 0 warnings
    Error: Peak virtual memory: 13254 megabytes
    Error: Processing ended: Thu Mar 14 17:09:40 2024
    Error: Elapsed time: 00:00:12
    Error: Total CPU time (on all processors): 00:00:27


