Flow report for mmRISC
Sun May  1 13:33:06 2022
Quartus Prime Version 21.1.0 Build 842 10/21/2021 SJ Lite Edition


---------------------
; Table of Contents ;
---------------------
  1. Legal Notice
  2. Flow Summary
  3. Flow Settings
  4. Flow Non-Default Global Settings
  5. Flow Elapsed Time
  6. Flow OS Summary
  7. Flow Log
  8. Flow Messages
  9. Flow Suppressed Messages



----------------
; Legal Notice ;
----------------
Copyright (C) 2021  Intel Corporation. All rights reserved.
Your use of Intel Corporation's design tools, logic functions 
and other software and tools, and any partner logic 
functions, and any output files from any of the foregoing 
(including device programming or simulation files), and any 
associated documentation or information are expressly subject 
to the terms and conditions of the Intel Program License 
Subscription Agreement, the Intel Quartus Prime License Agreement,
the Intel FPGA IP License Agreement, or other applicable license
agreement, including, without limitation, that your use is for
the sole purpose of programming logic devices manufactured by
Intel and sold by Intel or its authorized distributors.  Please
refer to the applicable agreement for further details, at
https://fpgasoftware.intel.com/eula.



+----------------------------------------------------------------------------------+
; Flow Summary                                                                     ;
+------------------------------------+---------------------------------------------+
; Flow Status                        ; Successful - Sun May  1 13:33:06 2022       ;
; Quartus Prime Version              ; 21.1.0 Build 842 10/21/2021 SJ Lite Edition ;
; Revision Name                      ; mmRISC                                      ;
; Top-level Entity Name              ; CHIP_TOP                                    ;
; Family                             ; MAX 10                                      ;
; Device                             ; 10M50DAF484C7G                              ;
; Timing Models                      ; Final                                       ;
; Total logic elements               ; 24,662 / 49,760 ( 50 % )                    ;
;     Total combinational functions  ; 23,732 / 49,760 ( 48 % )                    ;
;     Dedicated logic registers      ; 6,694 / 49,760 ( 13 % )                     ;
; Total registers                    ; 6694                                        ;
; Total pins                         ; 160 / 360 ( 44 % )                          ;
; Total virtual pins                 ; 0                                           ;
; Total memory bits                  ; 1,441,792 / 1,677,312 ( 86 % )              ;
; Embedded Multiplier 9-bit elements ; 8 / 288 ( 3 % )                             ;
; Total PLLs                         ; 1 / 4 ( 25 % )                              ;
; UFM blocks                         ; 0 / 1 ( 0 % )                               ;
; ADC blocks                         ; 0 / 2 ( 0 % )                               ;
+------------------------------------+---------------------------------------------+


+-----------------------------------------+
; Flow Settings                           ;
+-------------------+---------------------+
; Option            ; Setting             ;
+-------------------+---------------------+
; Start date & time ; 05/01/2022 13:11:18 ;
; Main task         ; Compilation         ;
; Revision Name     ; mmRISC              ;
+-------------------+---------------------+


+-------------------------------------------------------------------------------------------------------------------------------------------------+
; Flow Non-Default Global Settings                                                                                                                ;
+--------------------------------------+----------------------------------------+---------------+-------------+-----------------------------------+
; Assignment Name                      ; Value                                  ; Default Value ; Entity Name ; Section Id                        ;
+--------------------------------------+----------------------------------------+---------------+-------------+-----------------------------------+
; COMPILER_SIGNATURE_ID                ; 121380417324.165137827808517           ; --            ; --          ; --                                ;
; EDA_GENERATE_FUNCTIONAL_NETLIST      ; Off                                    ; --            ; --          ; eda_board_design_timing           ;
; EDA_GENERATE_FUNCTIONAL_NETLIST      ; Off                                    ; --            ; --          ; eda_board_design_boundary_scan    ;
; EDA_GENERATE_FUNCTIONAL_NETLIST      ; Off                                    ; --            ; --          ; eda_board_design_signal_integrity ;
; EDA_GENERATE_FUNCTIONAL_NETLIST      ; Off                                    ; --            ; --          ; eda_board_design_symbol           ;
; EDA_OUTPUT_DATA_FORMAT               ; Verilog Hdl                            ; --            ; --          ; eda_simulation                    ;
; EDA_SIMULATION_TOOL                  ; Questa Intel FPGA (Verilog)            ; <None>        ; --          ; --                                ;
; EDA_TIME_SCALE                       ; 1 ps                                   ; --            ; --          ; eda_simulation                    ;
; FITTER_EFFORT                        ; Standard Fit                           ; Auto Fit      ; --          ; --                                ;
; MAX_CORE_JUNCTION_TEMP               ; 85                                     ; --            ; --          ; --                                ;
; MIN_CORE_JUNCTION_TEMP               ; 0                                      ; --            ; --          ; --                                ;
; MISC_FILE                            ; PLL_bb.v                               ; --            ; --          ; --                                ;
; MISC_FILE                            ; PLL.ppf                                ; --            ; --          ; --                                ;
; MISC_FILE                            ; RAM128KB_DP_bb.v                       ; --            ; --          ; --                                ;
; NUM_PARALLEL_PROCESSORS              ; 2                                      ; --            ; --          ; --                                ;
; OPTIMIZATION_MODE                    ; High Performance Effort                ; Balanced      ; --          ; --                                ;
; OUTPUT_IO_TIMING_FAR_END_VMEAS       ; Half Signal Swing                      ; --            ; --          ; --                                ;
; OUTPUT_IO_TIMING_FAR_END_VMEAS       ; Half Signal Swing                      ; --            ; --          ; --                                ;
; OUTPUT_IO_TIMING_NEAR_END_VMEAS      ; Half Vccio                             ; --            ; --          ; --                                ;
; OUTPUT_IO_TIMING_NEAR_END_VMEAS      ; Half Vccio                             ; --            ; --          ; --                                ;
; PARTITION_COLOR                      ; -- (Not supported for targeted family) ; --            ; CHIP_TOP    ; Top                               ;
; PARTITION_FITTER_PRESERVATION_LEVEL  ; -- (Not supported for targeted family) ; --            ; CHIP_TOP    ; Top                               ;
; PARTITION_NETLIST_TYPE               ; -- (Not supported for targeted family) ; --            ; CHIP_TOP    ; Top                               ;
; PHYSICAL_SYNTHESIS_COMBO_LOGIC       ; On                                     ; Off           ; --          ; --                                ;
; PHYSICAL_SYNTHESIS_REGISTER_RETIMING ; On                                     ; Off           ; --          ; --                                ;
; PLACEMENT_EFFORT_MULTIPLIER          ; 4.0                                    ; 1.0           ; --          ; --                                ;
; POWER_BOARD_THERMAL_MODEL            ; None (CONSERVATIVE)                    ; --            ; --          ; --                                ;
; POWER_PRESET_COOLING_SOLUTION        ; 23 MM HEAT SINK WITH 200 LFPM AIRFLOW  ; --            ; --          ; --                                ;
; PROJECT_OUTPUT_DIRECTORY             ; output_files                           ; --            ; --          ; --                                ;
; ROUTER_TIMING_OPTIMIZATION_LEVEL     ; MAXIMUM                                ; Normal        ; --          ; --                                ;
; SEARCH_PATH                          ; ../verilog/common                      ; --            ; --          ; --                                ;
; SEARCH_PATH                          ; ../verilog/i2c/i2c/trunk/rtl/verilog   ; --            ; --          ; --                                ;
; TOP_LEVEL_ENTITY                     ; CHIP_TOP                               ; mmRISC        ; --          ; --                                ;
; VERILOG_INPUT_VERSION                ; SystemVerilog_2005                     ; Verilog_2001  ; --          ; --                                ;
; VERILOG_MACRO                        ; FPGA=<None>                            ; --            ; --          ; --                                ;
; VERILOG_MACRO                        ; den512Mb=<None>                        ; --            ; --          ; --                                ;
; VERILOG_MACRO                        ; sg75=<None>                            ; --            ; --          ; --                                ;
; VERILOG_MACRO                        ; x16=<None>                             ; --            ; --          ; --                                ;
; VERILOG_SHOW_LMF_MAPPING_MESSAGES    ; Off                                    ; --            ; --          ; --                                ;
+--------------------------------------+----------------------------------------+---------------+-------------+-----------------------------------+


+--------------------------------------------------------------------------------------------------------------------------+
; Flow Elapsed Time                                                                                                        ;
+----------------------+--------------+-------------------------+---------------------+------------------------------------+
; Module Name          ; Elapsed Time ; Average Processors Used ; Peak Virtual Memory ; Total CPU Time (on all processors) ;
+----------------------+--------------+-------------------------+---------------------+------------------------------------+
; Analysis & Synthesis ; 00:06:21     ; 1.0                     ; 902 MB              ; 00:06:03                           ;
; Fitter               ; 00:14:21     ; 1.2                     ; 1255 MB             ; 00:13:51                           ;
; Assembler            ; 00:00:04     ; 1.0                     ; 456 MB              ; 00:00:04                           ;
; Timing Analyzer      ; 00:00:46     ; 1.8                     ; 748 MB              ; 00:00:45                           ;
; EDA Netlist Writer   ; 00:00:05     ; 1.0                     ; 741 MB              ; 00:00:04                           ;
; Total                ; 00:21:37     ; --                      ; --                  ; 00:20:47                           ;
+----------------------+--------------+-------------------------+---------------------+------------------------------------+


+----------------------------------------------------------------------------------------+
; Flow OS Summary                                                                        ;
+----------------------+------------------+----------------+------------+----------------+
; Module Name          ; Machine Hostname ; OS Name        ; OS Version ; Processor type ;
+----------------------+------------------+----------------+------------+----------------+
; Analysis & Synthesis ; ubuntu           ; Ubuntu 20.04.3 ; 20         ; x86_64         ;
; Fitter               ; ubuntu           ; Ubuntu 20.04.3 ; 20         ; x86_64         ;
; Assembler            ; ubuntu           ; Ubuntu 20.04.3 ; 20         ; x86_64         ;
; Timing Analyzer      ; ubuntu           ; Ubuntu 20.04.3 ; 20         ; x86_64         ;
; EDA Netlist Writer   ; ubuntu           ; Ubuntu 20.04.3 ; 20         ; x86_64         ;
+----------------------+------------------+----------------+------------+----------------+


------------
; Flow Log ;
------------
quartus_map --read_settings_files=on --write_settings_files=off mmRISC -c mmRISC
quartus_fit --read_settings_files=off --write_settings_files=off mmRISC -c mmRISC
quartus_asm --read_settings_files=off --write_settings_files=off mmRISC -c mmRISC
quartus_sta mmRISC -c mmRISC
quartus_eda --read_settings_files=off --write_settings_files=off mmRISC -c mmRISC



