EDA Netlist Writer report for mmRISC
Fri Dec 31 11:56:34 2021
Quartus Prime Version 21.1.0 Build 842 10/21/2021 SJ Lite Edition


---------------------
; Table of Contents ;
---------------------
  1. Legal Notice
  2. EDA Netlist Writer Summary
  3. Simulation Settings
  4. Simulation Generated Files
  5. EDA Netlist Writer Messages



----------------
; Legal Notice ;
----------------
Copyright (C) 2021  Intel Corporation. All rights reserved.
Your use of Intel Corporation's design tools, logic functions 
and other software and tools, and any partner logic 
functions, and any output files from any of the foregoing 
(including device programming or simulation files), and any 
associated documentation or information are expressly subject 
to the terms and conditions of the Intel Program License 
Subscription Agreement, the Intel Quartus Prime License Agreement,
the Intel FPGA IP License Agreement, or other applicable license
agreement, including, without limitation, that your use is for
the sole purpose of programming logic devices manufactured by
Intel and sold by Intel or its authorized distributors.  Please
refer to the applicable agreement for further details, at
https://fpgasoftware.intel.com/eula.



+-------------------------------------------------------------------+
; EDA Netlist Writer Summary                                        ;
+---------------------------+---------------------------------------+
; EDA Netlist Writer Status ; Successful - Fri Dec 31 11:56:34 2021 ;
; Revision Name             ; mmRISC                                ;
; Top-level Entity Name     ; CHIP_TOP                              ;
; Family                    ; MAX 10                                ;
; Simulation Files Creation ; Successful                            ;
+---------------------------+---------------------------------------+


+---------------------------------------------------------------------------------------------------------------------------------+
; Simulation Settings                                                                                                             ;
+---------------------------------------------------------------------------------------------------+-----------------------------+
; Option                                                                                            ; Setting                     ;
+---------------------------------------------------------------------------------------------------+-----------------------------+
; Tool Name                                                                                         ; Questa Intel FPGA (Verilog) ;
; Generate functional simulation netlist                                                            ; On                          ;
; Truncate long hierarchy paths                                                                     ; Off                         ;
; Map illegal HDL characters                                                                        ; Off                         ;
; Flatten buses into individual nodes                                                               ; Off                         ;
; Maintain hierarchy                                                                                ; Off                         ;
; Bring out device-wide set/reset signals as ports                                                  ; Off                         ;
; Enable glitch filtering                                                                           ; Off                         ;
; Do not write top level VHDL entity                                                                ; Off                         ;
; Disable detection of setup and hold time violations in the input registers of bi-directional pins ; Off                         ;
; Architecture name in VHDL output netlist                                                          ; structure                   ;
; Generate third-party EDA tool command script for RTL functional simulation                        ; Off                         ;
; Generate third-party EDA tool command script for gate-level simulation                            ; Off                         ;
+---------------------------------------------------------------------------------------------------+-----------------------------+


+--------------------------------------------------------------+
; Simulation Generated Files                                   ;
+--------------------------------------------------------------+
; Generated Files                                              ;
+--------------------------------------------------------------+
; /home/taka/RISCV/mmRISC-1/fpga/simulation/modelsim/mmRISC.vo ;
+--------------------------------------------------------------+


+-----------------------------+
; EDA Netlist Writer Messages ;
+-----------------------------+
Info: *******************************************************************
Info: Running Quartus Prime EDA Netlist Writer
    Info: Version 21.1.0 Build 842 10/21/2021 SJ Lite Edition
    Info: Processing started: Fri Dec 31 11:56:29 2021
Info: Command: quartus_eda --read_settings_files=off --write_settings_files=off mmRISC -c mmRISC
Warning (18236): Number of processors has not been specified which may cause overloading on shared machines.  Set the global assignment NUM_PARALLEL_PROCESSORS in your QSF to an appropriate value for best performance.
Info (204019): Generated file mmRISC.vo in folder "/home/taka/RISCV/mmRISC-1/fpga/simulation/modelsim/" for EDA simulation tool
Info: Quartus Prime EDA Netlist Writer was successful. 0 errors, 1 warning
    Info: Peak virtual memory: 730 megabytes
    Info: Processing ended: Fri Dec 31 11:56:34 2021
    Info: Elapsed time: 00:00:05
    Info: Total CPU time (on all processors): 00:00:05


