Flow report for mmRISC
Mon Nov 13 21:19:32 2023
Quartus Prime Version 22.1std.2 Build 922 07/20/2023 SC Lite Edition


---------------------
; Table of Contents ;
---------------------
  1. Legal Notice
  2. Flow Summary
  3. Flow Settings
  4. Flow Non-Default Global Settings
  5. Flow Elapsed Time
  6. Flow OS Summary
  7. Flow Log
  8. Flow Messages
  9. Flow Suppressed Messages



----------------
; Legal Notice ;
----------------
Copyright (C) 2023  Intel Corporation. All rights reserved.
Your use of Intel Corporation's design tools, logic functions 
and other software and tools, and any partner logic 
functions, and any output files from any of the foregoing 
(including device programming or simulation files), and any 
associated documentation or information are expressly subject 
to the terms and conditions of the Intel Program License 
Subscription Agreement, the Intel Quartus Prime License Agreement,
the Intel FPGA IP License Agreement, or other applicable license
agreement, including, without limitation, that your use is for
the sole purpose of programming logic devices manufactured by
Intel and sold by Intel or its authorized distributors.  Please
refer to the applicable agreement for further details, at
https://fpgasoftware.intel.com/eula.



+-------------------------------------------------------------------------------------+
; Flow Summary                                                                        ;
+------------------------------------+------------------------------------------------+
; Flow Status                        ; Successful - Mon Nov 13 21:19:32 2023          ;
; Quartus Prime Version              ; 22.1std.2 Build 922 07/20/2023 SC Lite Edition ;
; Revision Name                      ; mmRISC                                         ;
; Top-level Entity Name              ; CHIP_TOP_WRAP                                  ;
; Family                             ; MAX 10                                         ;
; Device                             ; 10M50DAF484C7G                                 ;
; Timing Models                      ; Final                                          ;
; Total logic elements               ; 43,116 / 49,760 ( 87 % )                       ;
;     Total combinational functions  ; 41,954 / 49,760 ( 84 % )                       ;
;     Dedicated logic registers      ; 9,846 / 49,760 ( 20 % )                        ;
; Total registers                    ; 9846                                           ;
; Total pins                         ; 162 / 360 ( 45 % )                             ;
; Total virtual pins                 ; 0                                              ;
; Total memory bits                  ; 1,442,816 / 1,677,312 ( 86 % )                 ;
; Embedded Multiplier 9-bit elements ; 40 / 288 ( 14 % )                              ;
; Total PLLs                         ; 1 / 4 ( 25 % )                                 ;
; UFM blocks                         ; 0 / 1 ( 0 % )                                  ;
; ADC blocks                         ; 0 / 2 ( 0 % )                                  ;
+------------------------------------+------------------------------------------------+


+-----------------------------------------+
; Flow Settings                           ;
+-------------------+---------------------+
; Option            ; Setting             ;
+-------------------+---------------------+
; Start date & time ; 11/13/2023 20:40:33 ;
; Main task         ; Compilation         ;
; Revision Name     ; mmRISC              ;
+-------------------+---------------------+


+--------------------------------------------------------------------------------------------------------------------------------------------------+
; Flow Non-Default Global Settings                                                                                                                 ;
+-------------------------------------+----------------------------------------+---------------+---------------+-----------------------------------+
; Assignment Name                     ; Value                                  ; Default Value ; Entity Name   ; Section Id                        ;
+-------------------------------------+----------------------------------------+---------------+---------------+-----------------------------------+
; COMPILER_SIGNATURE_ID               ; 121380906149.169987563313196           ; --            ; --            ; --                                ;
; EDA_GENERATE_FUNCTIONAL_NETLIST     ; Off                                    ; --            ; --            ; eda_board_design_timing           ;
; EDA_GENERATE_FUNCTIONAL_NETLIST     ; Off                                    ; --            ; --            ; eda_board_design_boundary_scan    ;
; EDA_GENERATE_FUNCTIONAL_NETLIST     ; Off                                    ; --            ; --            ; eda_board_design_signal_integrity ;
; EDA_GENERATE_FUNCTIONAL_NETLIST     ; Off                                    ; --            ; --            ; eda_board_design_symbol           ;
; EDA_NETLIST_WRITER_OUTPUT_DIR       ; simulation/modelsim                    ; --            ; --            ; eda_simulation                    ;
; EDA_OUTPUT_DATA_FORMAT              ; Verilog Hdl                            ; --            ; --            ; eda_simulation                    ;
; EDA_SIMULATION_TOOL                 ; Questa Intel FPGA (Verilog)            ; <None>        ; --            ; --                                ;
; EDA_TIME_SCALE                      ; 1 ps                                   ; --            ; --            ; eda_simulation                    ;
; MAX_CORE_JUNCTION_TEMP              ; 85                                     ; --            ; --            ; --                                ;
; MIN_CORE_JUNCTION_TEMP              ; 0                                      ; --            ; --            ; --                                ;
; MISC_FILE                           ; PLL_bb.v                               ; --            ; --            ; --                                ;
; MISC_FILE                           ; PLL.ppf                                ; --            ; --            ; --                                ;
; MISC_FILE                           ; RAM128KB_DP_bb.v                       ; --            ; --            ; --                                ;
; NUM_PARALLEL_PROCESSORS             ; 2                                      ; --            ; --            ; --                                ;
; OUTPUT_IO_TIMING_FAR_END_VMEAS      ; Half Signal Swing                      ; --            ; --            ; --                                ;
; OUTPUT_IO_TIMING_FAR_END_VMEAS      ; Half Signal Swing                      ; --            ; --            ; --                                ;
; OUTPUT_IO_TIMING_NEAR_END_VMEAS     ; Half Vccio                             ; --            ; --            ; --                                ;
; OUTPUT_IO_TIMING_NEAR_END_VMEAS     ; Half Vccio                             ; --            ; --            ; --                                ;
; PARTITION_COLOR                     ; -- (Not supported for targeted family) ; --            ; CHIP_TOP_WRAP ; Top                               ;
; PARTITION_FITTER_PRESERVATION_LEVEL ; -- (Not supported for targeted family) ; --            ; CHIP_TOP_WRAP ; Top                               ;
; PARTITION_NETLIST_TYPE              ; -- (Not supported for targeted family) ; --            ; CHIP_TOP_WRAP ; Top                               ;
; POWER_BOARD_THERMAL_MODEL           ; None (CONSERVATIVE)                    ; --            ; --            ; --                                ;
; POWER_PRESET_COOLING_SOLUTION       ; 23 MM HEAT SINK WITH 200 LFPM AIRFLOW  ; --            ; --            ; --                                ;
; PROJECT_OUTPUT_DIRECTORY            ; output_files                           ; --            ; --            ; --                                ;
; SEARCH_PATH                         ; ../verilog/common                      ; --            ; --            ; --                                ;
; SEARCH_PATH                         ; ../verilog/i2c/i2c/trunk/rtl/verilog   ; --            ; --            ; --                                ;
; TOP_LEVEL_ENTITY                    ; CHIP_TOP_WRAP                          ; mmRISC        ; --            ; --                                ;
; VERILOG_INPUT_VERSION               ; SystemVerilog_2005                     ; Verilog_2001  ; --            ; --                                ;
; VERILOG_MACRO                       ; FPGA=<None>                            ; --            ; --            ; --                                ;
; VERILOG_MACRO                       ; den512Mb=<None>                        ; --            ; --            ; --                                ;
; VERILOG_MACRO                       ; sg75=<None>                            ; --            ; --            ; --                                ;
; VERILOG_MACRO                       ; x16=<None>                             ; --            ; --            ; --                                ;
; VERILOG_SHOW_LMF_MAPPING_MESSAGES   ; Off                                    ; --            ; --            ; --                                ;
+-------------------------------------+----------------------------------------+---------------+---------------+-----------------------------------+


+--------------------------------------------------------------------------------------------------------------------------+
; Flow Elapsed Time                                                                                                        ;
+----------------------+--------------+-------------------------+---------------------+------------------------------------+
; Module Name          ; Elapsed Time ; Average Processors Used ; Peak Virtual Memory ; Total CPU Time (on all processors) ;
+----------------------+--------------+-------------------------+---------------------+------------------------------------+
; Analysis & Synthesis ; 00:07:02     ; 1.0                     ; 13627 MB            ; 00:07:10                           ;
; Fitter               ; 00:30:21     ; 1.1                     ; 14611 MB            ; 00:51:32                           ;
; Assembler            ; 00:00:06     ; 1.0                     ; 13422 MB            ; 00:00:07                           ;
; Timing Analyzer      ; 00:00:57     ; 1.7                     ; 13760 MB            ; 00:01:35                           ;
; EDA Netlist Writer   ; 00:00:12     ; 1.0                     ; 13360 MB            ; 00:00:07                           ;
; Total                ; 00:38:38     ; --                      ; --                  ; 01:00:31                           ;
+----------------------+--------------+-------------------------+---------------------+------------------------------------+


+------------------------------------------------------------------------------------+
; Flow OS Summary                                                                    ;
+----------------------+------------------+------------+------------+----------------+
; Module Name          ; Machine Hostname ; OS Name    ; OS Version ; Processor type ;
+----------------------+------------------+------------+------------+----------------+
; Analysis & Synthesis ; ARM-Windows      ; Windows 10 ; 10.0       ; x86_64         ;
; Fitter               ; ARM-Windows      ; Windows 10 ; 10.0       ; x86_64         ;
; Assembler            ; ARM-Windows      ; Windows 10 ; 10.0       ; x86_64         ;
; Timing Analyzer      ; ARM-Windows      ; Windows 10 ; 10.0       ; x86_64         ;
; EDA Netlist Writer   ; ARM-Windows      ; Windows 10 ; 10.0       ; x86_64         ;
+----------------------+------------------+------------+------------+----------------+


------------
; Flow Log ;
------------
quartus_map --read_settings_files=on --write_settings_files=off mmRISC -c mmRISC
quartus_fit --read_settings_files=off --write_settings_files=off mmRISC -c mmRISC
quartus_asm --read_settings_files=off --write_settings_files=off mmRISC -c mmRISC
quartus_sta mmRISC -c mmRISC
quartus_eda --read_settings_files=off --write_settings_files=off mmRISC -c mmRISC



